<?xml version="1.0" encoding="UTF-8"?>
<!-- Generated by org.testng.reporters.JUnitXMLReporter -->
<testsuite ignored="0" hostname="MGTECHLPT311" failures="1" tests="2" name="ChromeBrowserTest" time="12.976" errors="0" timestamp="2023-08-01T11:55:51 IST">
  <testcase classname="TestClass.TC_009_EndToEnd_Test" name="IndexPage_Test" time="0.825"/>
  <testcase classname="TestClass.TC_009_EndToEnd_Test" name="ProductSearchPage_Test" time="1.644">
    <failure type="java.lang.AssertionError" message="expected [Success: You have added HTC Touch HD to your shopping cart] but found [Success: You have added HTC Touch HD to your shopping cart!]">
      <![CDATA[java.lang.AssertionError: expected [Success: You have added HTC Touch HD to your shopping cart] but found [Success: You have added HTC Touch HD to your shopping cart!]
at TestClass.TC_009_EndToEnd_Test.ProductSearchPage_Test(TC_009_EndToEnd_Test.java:65)
at java.base/java.util.ArrayList.forEach(ArrayList.java:1541)
at java.base/java.util.concurrent.FutureTask.run(FutureTask.java:264)
at java.base/java.util.concurrent.ThreadPoolExecutor.runWorker(ThreadPoolExecutor.java:1128)
at java.base/java.util.concurrent.ThreadPoolExecutor$Worker.run(ThreadPoolExecutor.java:628)
at java.base/java.lang.Thread.run(Thread.java:834)
... Removed 23 stack frames]]>
    </failure>
  </testcase> <!-- ProductSearchPage_Test -->
</testsuite> <!-- ChromeBrowserTest -->
