<?xml version="1.0" encoding="UTF-8"?>
<testsuite xmlns:xsi="http://www.w3.org/2001/XMLSchema-instance" xsi:noNamespaceSchemaLocation="https://maven.apache.org/surefire/maven-surefire-plugin/xsd/surefire-test-report-3.0.xsd" version="3.0" name="TestSuite" time="12.791" tests="2" errors="0" skipped="0" failures="0">
  <properties>
[...]
</properties>
  <testcase name="IndexPage_Test" classname="TestClass.TC_009_EndToEnd_Test" time="0.814">
    <system-out><![CDATA[Successfully Found And Element is displayed at
Your Store
Successfully entered Text in the Search Fild
]]></system-out>
    <system-err><![CDATA[SLF4J: Failed to load class "org.slf4j.impl.StaticLoggerBinder".
SLF4J: Defaulting to no-operation (NOP) logger implementation
SLF4J: See http://www.slf4j.org/codes.html#StaticLoggerBinder for further details.
Jul 25, 2023 3:49:14 PM org.openqa.selenium.manager.SeleniumManager getDriverPath
INFO: Applicable driver not found; attempting to install with Selenium Manager (Beta)
ERROR StatusLogger Log4j2 could not find a logging implementation. Please add log4j-core to the classpath. Using SimpleLogger to log to the console...
java.lang.instrument.IllegalClassFormatException: Error while instrumenting com/sun/security/sasl/gsskerb/JdkSASL.
	at org.jacoco.agent.rt.internal_1f1cc91.CoverageTransformer.transform(CoverageTransformer.java:93)
	at java.instrument/java.lang.instrument.ClassFileTransformer.transform(ClassFileTransformer.java:244)
	at java.instrument/sun.instrument.TransformerManager.transform(TransformerManager.java:188)
	at java.instrument/sun.instrument.InstrumentationImpl.transform(InstrumentationImpl.java:541)
	at java.base/java.lang.ClassLoader.defineClass2(Native Method)
	at java.base/java.lang.ClassLoader.defineClass(ClassLoader.java:1103)
	at java.base/java.security.SecureClassLoader.defineClass(SecureClassLoader.java:182)
	at java.base/jdk.internal.loader.BuiltinClassLoader.defineClass(BuiltinClassLoader.java:821)
	at java.base/jdk.internal.loader.BuiltinClassLoader.findClassInModuleOrNull(BuiltinClassLoader.java:741)
	at java.base/jdk.internal.loader.BuiltinClassLoader.findClass(BuiltinClassLoader.java:621)
	at java.base/java.lang.ClassLoader.loadClass(ClassLoader.java:632)
	at java.base/java.lang.Class.forName(Class.java:545)
	at java.base/java.util.ServiceLoader.loadProvider(ServiceLoader.java:859)
	at java.base/java.util.ServiceLoader$ModuleServicesLookupIterator.hasNext(ServiceLoader.java:1084)
	at java.base/java.util.ServiceLoader$2.hasNext(ServiceLoader.java:1309)
	at java.base/java.util.ServiceLoader$3.hasNext(ServiceLoader.java:1393)
	at java.base/sun.security.jca.ProviderConfig$ProviderLoader.load(ProviderConfig.java:345)
	at java.base/sun.security.jca.ProviderConfig$3.run(ProviderConfig.java:254)
	at java.base/sun.security.jca.ProviderConfig$3.run(ProviderConfig.java:248)
	at java.base/java.security.AccessController.doPrivileged(AccessController.java:318)
	at java.base/sun.security.jca.ProviderConfig.doLoadProvider(ProviderConfig.java:248)
	at java.base/sun.security.jca.ProviderConfig.getProvider(ProviderConfig.java:226)
	at java.base/sun.security.jca.ProviderList.getProvider(ProviderList.java:268)
	at java.base/sun.security.jca.ProviderList.getService(ProviderList.java:381)
	at java.base/sun.security.jca.GetInstance.getInstance(GetInstance.java:157)
	at java.base/javax.net.ssl.SSLContext.getInstance(SSLContext.java:185)
	at io.netty.handler.ssl.JdkSslContext$Defaults.init(JdkSslContext.java:99)
	at io.netty.handler.ssl.JdkSslContext.<clinit>(JdkSslContext.java:73)
	at io.netty.handler.ssl.SslContext.newClientContextInternal(SslContext.java:825)
	at io.netty.handler.ssl.SslContextBuilder.build(SslContextBuilder.java:615)
	at org.asynchttpclient.netty.ssl.DefaultSslEngineFactory.buildSslContext(DefaultSslEngineFactory.java:59)
	at org.asynchttpclient.netty.ssl.DefaultSslEngineFactory.init(DefaultSslEngineFactory.java:74)
	at org.asynchttpclient.netty.channel.ChannelManager.<init>(ChannelManager.java:104)
	at org.asynchttpclient.DefaultAsyncHttpClient.<init>(DefaultAsyncHttpClient.java:92)
	at org.asynchttpclient.Dsl.asyncHttpClient(Dsl.java:32)
	at org.openqa.selenium.remote.http.netty.NettyClient.createHttpClient(NettyClient.java:94)
	at org.openqa.selenium.remote.http.netty.NettyClient.<clinit>(NettyClient.java:47)
	at org.openqa.selenium.remote.http.netty.NettyClient$Factory.createClient(NettyClient.java:135)
	at org.openqa.selenium.remote.HttpCommandExecutor.<init>(HttpCommandExecutor.java:116)
	at org.openqa.selenium.remote.HttpCommandExecutor.<init>(HttpCommandExecutor.java:94)
	at org.openqa.selenium.remote.service.DriverCommandExecutor.<init>(DriverCommandExecutor.java:88)
	at org.openqa.selenium.chromium.ChromiumDriverCommandExecutor.<init>(ChromiumDriverCommandExecutor.java:40)
	at org.openqa.selenium.chrome.ChromeDriver$ChromeDriverCommandExecutor.<init>(ChromeDriver.java:111)
	at org.openqa.selenium.chrome.ChromeDriver.generateExecutor(ChromeDriver.java:101)
	at org.openqa.selenium.chrome.ChromeDriver.<init>(ChromeDriver.java:88)
	at org.openqa.selenium.chrome.ChromeDriver.<init>(ChromeDriver.java:84)
	at org.openqa.selenium.chrome.ChromeDriver.<init>(ChromeDriver.java:52)
	at TestBase.BaseClass.Launch_Application(BaseClass.java:57)
	at java.base/jdk.internal.reflect.NativeMethodAccessorImpl.invoke0(Native Method)
	at java.base/jdk.internal.reflect.NativeMethodAccessorImpl.invoke(NativeMethodAccessorImpl.java:77)
	at java.base/jdk.internal.reflect.DelegatingMethodAccessorImpl.invoke(DelegatingMethodAccessorImpl.java:43)
	at java.base/java.lang.reflect.Method.invoke(Method.java:568)
	at org.testng.internal.invokers.MethodInvocationHelper.invokeMethod(MethodInvocationHelper.java:139)
	at org.testng.internal.invokers.MethodInvocationHelper.invokeMethodConsideringTimeout(MethodInvocationHelper.java:69)
	at org.testng.internal.invokers.ConfigInvoker.invokeConfigurationMethod(ConfigInvoker.java:361)
	at org.testng.internal.invokers.ConfigInvoker.invokeConfigurations(ConfigInvoker.java:296)
	at org.testng.internal.invokers.TestMethodWorker.invokeBeforeClassMethods(TestMethodWorker.java:180)
	at org.testng.internal.invokers.TestMethodWorker.run(TestMethodWorker.java:122)
	at java.base/java.util.ArrayList.forEach(ArrayList.java:1511)
	at org.testng.TestRunner.privateRun(TestRunner.java:829)
	at org.testng.TestRunner.run(TestRunner.java:602)
	at org.testng.SuiteRunner.runTest(SuiteRunner.java:437)
	at org.testng.SuiteRunner$SuiteWorker.run(SuiteRunner.java:475)
	at org.testng.internal.thread.ThreadUtil.lambda$execute$0(ThreadUtil.java:58)
	at java.base/java.util.concurrent.FutureTask.run(FutureTask.java:264)
	at java.base/java.util.concurrent.ThreadPoolExecutor.runWorker(ThreadPoolExecutor.java:1136)
	at java.base/java.util.concurrent.ThreadPoolExecutor$Worker.run(ThreadPoolExecutor.java:635)
	at java.base/java.lang.Thread.run(Thread.java:833)
Caused by: java.io.IOException: Error while instrumenting com/sun/security/sasl/gsskerb/JdkSASL.
	at org.jacoco.agent.rt.internal_1f1cc91.core.instr.Instrumenter.instrumentError(Instrumenter.java:170)
	at org.jacoco.agent.rt.internal_1f1cc91.core.instr.Instrumenter.instrument(Instrumenter.java:120)
	at org.jacoco.agent.rt.internal_1f1cc91.CoverageTransformer.transform(CoverageTransformer.java:91)
	... 67 more
Caused by: java.lang.IllegalArgumentException: Unsupported class file major version 61
	at org.jacoco.agent.rt.internal_1f1cc91.asm.ClassReader.<init>(ClassReader.java:184)
	at org.jacoco.agent.rt.internal_1f1cc91.asm.ClassReader.<init>(ClassReader.java:166)
	at org.jacoco.agent.rt.internal_1f1cc91.asm.ClassReader.<init>(ClassReader.java:152)
	at org.jacoco.agent.rt.internal_1f1cc91.core.internal.instr.InstrSupport.classReaderFor(InstrSupport.java:247)
	at org.jacoco.agent.rt.internal_1f1cc91.core.instr.Instrumenter.instrument(Instrumenter.java:86)
	at org.jacoco.agent.rt.internal_1f1cc91.core.instr.Instrumenter.instrument(Instrumenter.java:118)
	... 68 more
java.lang.instrument.IllegalClassFormatException: Error while instrumenting com/sun/security/sasl/gsskerb/JdkSASL$1.
	at org.jacoco.agent.rt.internal_1f1cc91.CoverageTransformer.transform(CoverageTransformer.java:93)
	at java.instrument/java.lang.instrument.ClassFileTransformer.transform(ClassFileTransformer.java:244)
	at java.instrument/sun.instrument.TransformerManager.transform(TransformerManager.java:188)
	at java.instrument/sun.instrument.InstrumentationImpl.transform(InstrumentationImpl.java:541)
	at java.base/java.lang.ClassLoader.defineClass2(Native Method)
	at java.base/java.lang.ClassLoader.defineClass(ClassLoader.java:1103)
	at java.base/java.security.SecureClassLoader.defineClass(SecureClassLoader.java:182)
	at java.base/jdk.internal.loader.BuiltinClassLoader.defineClass(BuiltinClassLoader.java:821)
	at java.base/jdk.internal.loader.BuiltinClassLoader.findClassInModuleOrNull(BuiltinClassLoader.java:741)
	at java.base/jdk.internal.loader.BuiltinClassLoader.loadClassOrNull(BuiltinClassLoader.java:665)
	at java.base/jdk.internal.loader.BuiltinClassLoader.loadClass(BuiltinClassLoader.java:639)
	at java.base/java.lang.ClassLoader.loadClass(ClassLoader.java:520)
	at jdk.security.jgss/com.sun.security.sasl.gsskerb.JdkSASL.<init>(JdkSASL.java:82)
	at java.base/jdk.internal.reflect.NativeConstructorAccessorImpl.newInstance0(Native Method)
	at java.base/jdk.internal.reflect.NativeConstructorAccessorImpl.newInstance(NativeConstructorAccessorImpl.java:77)
	at java.base/jdk.internal.reflect.DelegatingConstructorAccessorImpl.newInstance(DelegatingConstructorAccessorImpl.java:45)
	at java.base/java.lang.reflect.Constructor.newInstanceWithCaller(Constructor.java:499)
	at java.base/java.lang.reflect.Constructor.newInstance(Constructor.java:480)
	at java.base/java.util.ServiceLoader$ProviderImpl.newInstance(ServiceLoader.java:789)
	at java.base/java.util.ServiceLoader$ProviderImpl.get(ServiceLoader.java:729)
	at java.base/java.util.ServiceLoader$3.next(ServiceLoader.java:1403)
	at java.base/sun.security.jca.ProviderConfig$ProviderLoader.load(ProviderConfig.java:347)
	at java.base/sun.security.jca.ProviderConfig$3.run(ProviderConfig.java:254)
	at java.base/sun.security.jca.ProviderConfig$3.run(ProviderConfig.java:248)
	at java.base/java.security.AccessController.doPrivileged(AccessController.java:318)
	at java.base/sun.security.jca.ProviderConfig.doLoadProvider(ProviderConfig.java:248)
	at java.base/sun.security.jca.ProviderConfig.getProvider(ProviderConfig.java:226)
	at java.base/sun.security.jca.ProviderList.getProvider(ProviderList.java:268)
	at java.base/sun.security.jca.ProviderList.getService(ProviderList.java:381)
	at java.base/sun.security.jca.GetInstance.getInstance(GetInstance.java:157)
	at java.base/javax.net.ssl.SSLContext.getInstance(SSLContext.java:185)
	at io.netty.handler.ssl.JdkSslContext$Defaults.init(JdkSslContext.java:99)
	at io.netty.handler.ssl.JdkSslContext.<clinit>(JdkSslContext.java:73)
	at io.netty.handler.ssl.SslContext.newClientContextInternal(SslContext.java:825)
	at io.netty.handler.ssl.SslContextBuilder.build(SslContextBuilder.java:615)
	at org.asynchttpclient.netty.ssl.DefaultSslEngineFactory.buildSslContext(DefaultSslEngineFactory.java:59)
	at org.asynchttpclient.netty.ssl.DefaultSslEngineFactory.init(DefaultSslEngineFactory.java:74)
	at org.asynchttpclient.netty.channel.ChannelManager.<init>(ChannelManager.java:104)
	at org.asynchttpclient.DefaultAsyncHttpClient.<init>(DefaultAsyncHttpClient.java:92)
	at org.asynchttpclient.Dsl.asyncHttpClient(Dsl.java:32)
	at org.openqa.selenium.remote.http.netty.NettyClient.createHttpClient(NettyClient.java:94)
	at org.openqa.selenium.remote.http.netty.NettyClient.<clinit>(NettyClient.java:47)
	at org.openqa.selenium.remote.http.netty.NettyClient$Factory.createClient(NettyClient.java:135)
	at org.openqa.selenium.remote.HttpCommandExecutor.<init>(HttpCommandExecutor.java:116)
	at org.openqa.selenium.remote.HttpCommandExecutor.<init>(HttpCommandExecutor.java:94)
	at org.openqa.selenium.remote.service.DriverCommandExecutor.<init>(DriverCommandExecutor.java:88)
	at org.openqa.selenium.chromium.ChromiumDriverCommandExecutor.<init>(ChromiumDriverCommandExecutor.java:40)
	at org.openqa.selenium.chrome.ChromeDriver$ChromeDriverCommandExecutor.<init>(ChromeDriver.java:111)
	at org.openqa.selenium.chrome.ChromeDriver.generateExecutor(ChromeDriver.java:101)
	at org.openqa.selenium.chrome.ChromeDriver.<init>(ChromeDriver.java:88)
	at org.openqa.selenium.chrome.ChromeDriver.<init>(ChromeDriver.java:84)
	at org.openqa.selenium.chrome.ChromeDriver.<init>(ChromeDriver.java:52)
	at TestBase.BaseClass.Launch_Application(BaseClass.java:57)
	at java.base/jdk.internal.reflect.NativeMethodAccessorImpl.invoke0(Native Method)
	at java.base/jdk.internal.reflect.NativeMethodAccessorImpl.invoke(NativeMethodAccessorImpl.java:77)
	at java.base/jdk.internal.reflect.DelegatingMethodAccessorImpl.invoke(DelegatingMethodAccessorImpl.java:43)
	at java.base/java.lang.reflect.Method.invoke(Method.java:568)
	at org.testng.internal.invokers.MethodInvocationHelper.invokeMethod(MethodInvocationHelper.java:139)
	at org.testng.internal.invokers.MethodInvocationHelper.invokeMethodConsideringTimeout(MethodInvocationHelper.java:69)
	at org.testng.internal.invokers.ConfigInvoker.invokeConfigurationMethod(ConfigInvoker.java:361)
	at org.testng.internal.invokers.ConfigInvoker.invokeConfigurations(ConfigInvoker.java:296)
	at org.testng.internal.invokers.TestMethodWorker.invokeBeforeClassMethods(TestMethodWorker.java:180)
	at org.testng.internal.invokers.TestMethodWorker.run(TestMethodWorker.java:122)
	at java.base/java.util.ArrayList.forEach(ArrayList.java:1511)
	at org.testng.TestRunner.privateRun(TestRunner.java:829)
	at org.testng.TestRunner.run(TestRunner.java:602)
	at org.testng.SuiteRunner.runTest(SuiteRunner.java:437)
	at org.testng.SuiteRunner$SuiteWorker.run(SuiteRunner.java:475)
	at org.testng.internal.thread.ThreadUtil.lambda$execute$0(ThreadUtil.java:58)
	at java.base/java.util.concurrent.FutureTask.run(FutureTask.java:264)
	at java.base/java.util.concurrent.ThreadPoolExecutor.runWorker(ThreadPoolExecutor.java:1136)
	at java.base/java.util.concurrent.ThreadPoolExecutor$Worker.run(ThreadPoolExecutor.java:635)
	at java.base/java.lang.Thread.run(Thread.java:833)
Caused by: java.io.IOException: Error while instrumenting com/sun/security/sasl/gsskerb/JdkSASL$1.
	at org.jacoco.agent.rt.internal_1f1cc91.core.instr.Instrumenter.instrumentError(Instrumenter.java:170)
	at org.jacoco.agent.rt.internal_1f1cc91.core.instr.Instrumenter.instrument(Instrumenter.java:120)
	at org.jacoco.agent.rt.internal_1f1cc91.CoverageTransformer.transform(CoverageTransformer.java:91)
	... 72 more
Caused by: java.lang.IllegalArgumentException: Unsupported class file major version 61
	at org.jacoco.agent.rt.internal_1f1cc91.asm.ClassReader.<init>(ClassReader.java:184)
	at org.jacoco.agent.rt.internal_1f1cc91.asm.ClassReader.<init>(ClassReader.java:166)
	at org.jacoco.agent.rt.internal_1f1cc91.asm.ClassReader.<init>(ClassReader.java:152)
	at org.jacoco.agent.rt.internal_1f1cc91.core.internal.instr.InstrSupport.classReaderFor(InstrSupport.java:247)
	at org.jacoco.agent.rt.internal_1f1cc91.core.instr.Instrumenter.instrument(Instrumenter.java:86)
	at org.jacoco.agent.rt.internal_1f1cc91.core.instr.Instrumenter.instrument(Instrumenter.java:118)
	... 73 more
java.lang.instrument.IllegalClassFormatException: Error while instrumenting com/sun/security/sasl/gsskerb/JdkSASL$ProviderService.
	at org.jacoco.agent.rt.internal_1f1cc91.CoverageTransformer.transform(CoverageTransformer.java:93)
	at java.instrument/java.lang.instrument.ClassFileTransformer.transform(ClassFileTransformer.java:244)
	at java.instrument/sun.instrument.TransformerManager.transform(TransformerManager.java:188)
	at java.instrument/sun.instrument.InstrumentationImpl.transform(InstrumentationImpl.java:541)
	at java.base/java.lang.ClassLoader.defineClass2(Native Method)
	at java.base/java.lang.ClassLoader.defineClass(ClassLoader.java:1103)
	at java.base/java.security.SecureClassLoader.defineClass(SecureClassLoader.java:182)
	at java.base/jdk.internal.loader.BuiltinClassLoader.defineClass(BuiltinClassLoader.java:821)
	at java.base/jdk.internal.loader.BuiltinClassLoader.findClassInModuleOrNull(BuiltinClassLoader.java:741)
	at java.base/jdk.internal.loader.BuiltinClassLoader.loadClassOrNull(BuiltinClassLoader.java:665)
	at java.base/jdk.internal.loader.BuiltinClassLoader.loadClass(BuiltinClassLoader.java:639)
	at java.base/java.lang.ClassLoader.loadClass(ClassLoader.java:520)
	at jdk.security.jgss/com.sun.security.sasl.gsskerb.JdkSASL.<init>(JdkSASL.java:82)
	at java.base/jdk.internal.reflect.NativeConstructorAccessorImpl.newInstance0(Native Method)
	at java.base/jdk.internal.reflect.NativeConstructorAccessorImpl.newInstance(NativeConstructorAccessorImpl.java:77)
	at java.base/jdk.internal.reflect.DelegatingConstructorAccessorImpl.newInstance(DelegatingConstructorAccessorImpl.java:45)
	at java.base/java.lang.reflect.Constructor.newInstanceWithCaller(Constructor.java:499)
	at java.base/java.lang.reflect.Constructor.newInstance(Constructor.java:480)
	at java.base/java.util.ServiceLoader$ProviderImpl.newInstance(ServiceLoader.java:789)
	at java.base/java.util.ServiceLoader$ProviderImpl.get(ServiceLoader.java:729)
	at java.base/java.util.ServiceLoader$3.next(ServiceLoader.java:1403)
	at java.base/sun.security.jca.ProviderConfig$ProviderLoader.load(ProviderConfig.java:347)
	at java.base/sun.security.jca.ProviderConfig$3.run(ProviderConfig.java:254)
	at java.base/sun.security.jca.ProviderConfig$3.run(ProviderConfig.java:248)
	at java.base/java.security.AccessController.doPrivileged(AccessController.java:318)
	at java.base/sun.security.jca.ProviderConfig.doLoadProvider(ProviderConfig.java:248)
	at java.base/sun.security.jca.ProviderConfig.getProvider(ProviderConfig.java:226)
	at java.base/sun.security.jca.ProviderList.getProvider(ProviderList.java:268)
	at java.base/sun.security.jca.ProviderList.getService(ProviderList.java:381)
	at java.base/sun.security.jca.GetInstance.getInstance(GetInstance.java:157)
	at java.base/javax.net.ssl.SSLContext.getInstance(SSLContext.java:185)
	at io.netty.handler.ssl.JdkSslContext$Defaults.init(JdkSslContext.java:99)
	at io.netty.handler.ssl.JdkSslContext.<clinit>(JdkSslContext.java:73)
	at io.netty.handler.ssl.SslContext.newClientContextInternal(SslContext.java:825)
	at io.netty.handler.ssl.SslContextBuilder.build(SslContextBuilder.java:615)
	at org.asynchttpclient.netty.ssl.DefaultSslEngineFactory.buildSslContext(DefaultSslEngineFactory.java:59)
	at org.asynchttpclient.netty.ssl.DefaultSslEngineFactory.init(DefaultSslEngineFactory.java:74)
	at org.asynchttpclient.netty.channel.ChannelManager.<init>(ChannelManager.java:104)
	at org.asynchttpclient.DefaultAsyncHttpClient.<init>(DefaultAsyncHttpClient.java:92)
	at org.asynchttpclient.Dsl.asyncHttpClient(Dsl.java:32)
	at org.openqa.selenium.remote.http.netty.NettyClient.createHttpClient(NettyClient.java:94)
	at org.openqa.selenium.remote.http.netty.NettyClient.<clinit>(NettyClient.java:47)
	at org.openqa.selenium.remote.http.netty.NettyClient$Factory.createClient(NettyClient.java:135)
	at org.openqa.selenium.remote.HttpCommandExecutor.<init>(HttpCommandExecutor.java:116)
	at org.openqa.selenium.remote.HttpCommandExecutor.<init>(HttpCommandExecutor.java:94)
	at org.openqa.selenium.remote.service.DriverCommandExecutor.<init>(DriverCommandExecutor.java:88)
	at org.openqa.selenium.chromium.ChromiumDriverCommandExecutor.<init>(ChromiumDriverCommandExecutor.java:40)
	at org.openqa.selenium.chrome.ChromeDriver$ChromeDriverCommandExecutor.<init>(ChromeDriver.java:111)
	at org.openqa.selenium.chrome.ChromeDriver.generateExecutor(ChromeDriver.java:101)
	at org.openqa.selenium.chrome.ChromeDriver.<init>(ChromeDriver.java:88)
	at org.openqa.selenium.chrome.ChromeDriver.<init>(ChromeDriver.java:84)
	at org.openqa.selenium.chrome.ChromeDriver.<init>(ChromeDriver.java:52)
	at TestBase.BaseClass.Launch_Application(BaseClass.java:57)
	at java.base/jdk.internal.reflect.NativeMethodAccessorImpl.invoke0(Native Method)
	at java.base/jdk.internal.reflect.NativeMethodAccessorImpl.invoke(NativeMethodAccessorImpl.java:77)
	at java.base/jdk.internal.reflect.DelegatingMethodAccessorImpl.invoke(DelegatingMethodAccessorImpl.java:43)
	at java.base/java.lang.reflect.Method.invoke(Method.java:568)
	at org.testng.internal.invokers.MethodInvocationHelper.invokeMethod(MethodInvocationHelper.java:139)
	at org.testng.internal.invokers.MethodInvocationHelper.invokeMethodConsideringTimeout(MethodInvocationHelper.java:69)
	at org.testng.internal.invokers.ConfigInvoker.invokeConfigurationMethod(ConfigInvoker.java:361)
	at org.testng.internal.invokers.ConfigInvoker.invokeConfigurations(ConfigInvoker.java:296)
	at org.testng.internal.invokers.TestMethodWorker.invokeBeforeClassMethods(TestMethodWorker.java:180)
	at org.testng.internal.invokers.TestMethodWorker.run(TestMethodWorker.java:122)
	at java.base/java.util.ArrayList.forEach(ArrayList.java:1511)
	at org.testng.TestRunner.privateRun(TestRunner.java:829)
	at org.testng.TestRunner.run(TestRunner.java:602)
	at org.testng.SuiteRunner.runTest(SuiteRunner.java:437)
	at org.testng.SuiteRunner$SuiteWorker.run(SuiteRunner.java:475)
	at org.testng.internal.thread.ThreadUtil.lambda$execute$0(ThreadUtil.java:58)
	at java.base/java.util.concurrent.FutureTask.run(FutureTask.java:264)
	at java.base/java.util.concurrent.ThreadPoolExecutor.runWorker(ThreadPoolExecutor.java:1136)
	at java.base/java.util.concurrent.ThreadPoolExecutor$Worker.run(ThreadPoolExecutor.java:635)
	at java.base/java.lang.Thread.run(Thread.java:833)
Caused by: java.io.IOException: Error while instrumenting com/sun/security/sasl/gsskerb/JdkSASL$ProviderService.
	at org.jacoco.agent.rt.internal_1f1cc91.core.instr.Instrumenter.instrumentError(Instrumenter.java:170)
	at org.jacoco.agent.rt.internal_1f1cc91.core.instr.Instrumenter.instrument(Instrumenter.java:120)
	at org.jacoco.agent.rt.internal_1f1cc91.CoverageTransformer.transform(CoverageTransformer.java:91)
	... 72 more
Caused by: java.lang.IllegalArgumentException: Unsupported class file major version 61
	at org.jacoco.agent.rt.internal_1f1cc91.asm.ClassReader.<init>(ClassReader.java:184)
	at org.jacoco.agent.rt.internal_1f1cc91.asm.ClassReader.<init>(ClassReader.java:166)
	at org.jacoco.agent.rt.internal_1f1cc91.asm.ClassReader.<init>(ClassReader.java:152)
	at org.jacoco.agent.rt.internal_1f1cc91.core.internal.instr.InstrSupport.classReaderFor(InstrSupport.java:247)
	at org.jacoco.agent.rt.internal_1f1cc91.core.instr.Instrumenter.instrument(Instrumenter.java:86)
	at org.jacoco.agent.rt.internal_1f1cc91.core.instr.Instrumenter.instrument(Instrumenter.java:118)
	... 73 more
java.lang.instrument.IllegalClassFormatException: Error while instrumenting sun/security/ec/SunEC.
	at org.jacoco.agent.rt.internal_1f1cc91.CoverageTransformer.transform(CoverageTransformer.java:93)
	at java.instrument/java.lang.instrument.ClassFileTransformer.transform(ClassFileTransformer.java:244)
	at java.instrument/sun.instrument.TransformerManager.transform(TransformerManager.java:188)
	at java.instrument/sun.instrument.InstrumentationImpl.transform(InstrumentationImpl.java:541)
	at java.base/java.lang.ClassLoader.defineClass2(Native Method)
	at java.base/java.lang.ClassLoader.defineClass(ClassLoader.java:1103)
	at java.base/java.security.SecureClassLoader.defineClass(SecureClassLoader.java:182)
	at java.base/jdk.internal.loader.BuiltinClassLoader.defineClass(BuiltinClassLoader.java:821)
	at java.base/jdk.internal.loader.BuiltinClassLoader.findClassInModuleOrNull(BuiltinClassLoader.java:741)
	at java.base/jdk.internal.loader.BuiltinClassLoader.findClass(BuiltinClassLoader.java:621)
	at java.base/java.lang.ClassLoader.loadClass(ClassLoader.java:632)
	at java.base/java.lang.Class.forName(Class.java:545)
	at java.base/java.util.ServiceLoader.loadProvider(ServiceLoader.java:859)
	at java.base/java.util.ServiceLoader$ModuleServicesLookupIterator.hasNext(ServiceLoader.java:1084)
	at java.base/java.util.ServiceLoader$2.hasNext(ServiceLoader.java:1309)
	at java.base/java.util.ServiceLoader$3.hasNext(ServiceLoader.java:1393)
	at java.base/sun.security.jca.ProviderConfig$ProviderLoader.load(ProviderConfig.java:345)
	at java.base/sun.security.jca.ProviderConfig$3.run(ProviderConfig.java:254)
	at java.base/sun.security.jca.ProviderConfig$3.run(ProviderConfig.java:248)
	at java.base/java.security.AccessController.doPrivileged(AccessController.java:318)
	at java.base/sun.security.jca.ProviderConfig.doLoadProvider(ProviderConfig.java:248)
	at java.base/sun.security.jca.ProviderConfig.getProvider(ProviderConfig.java:226)
	at java.base/sun.security.jca.ProviderList.getProvider(ProviderList.java:268)
	at java.base/sun.security.jca.ProviderList.getService(ProviderList.java:381)
	at java.base/sun.security.jca.GetInstance.getInstance(GetInstance.java:157)
	at java.base/javax.net.ssl.SSLContext.getInstance(SSLContext.java:185)
	at io.netty.handler.ssl.JdkSslContext$Defaults.init(JdkSslContext.java:99)
	at io.netty.handler.ssl.JdkSslContext.<clinit>(JdkSslContext.java:73)
	at io.netty.handler.ssl.SslContext.newClientContextInternal(SslContext.java:825)
	at io.netty.handler.ssl.SslContextBuilder.build(SslContextBuilder.java:615)
	at org.asynchttpclient.netty.ssl.DefaultSslEngineFactory.buildSslContext(DefaultSslEngineFactory.java:59)
	at org.asynchttpclient.netty.ssl.DefaultSslEngineFactory.init(DefaultSslEngineFactory.java:74)
	at org.asynchttpclient.netty.channel.ChannelManager.<init>(ChannelManager.java:104)
	at org.asynchttpclient.DefaultAsyncHttpClient.<init>(DefaultAsyncHttpClient.java:92)
	at org.asynchttpclient.Dsl.asyncHttpClient(Dsl.java:32)
	at org.openqa.selenium.remote.http.netty.NettyClient.createHttpClient(NettyClient.java:94)
	at org.openqa.selenium.remote.http.netty.NettyClient.<clinit>(NettyClient.java:47)
	at org.openqa.selenium.remote.http.netty.NettyClient$Factory.createClient(NettyClient.java:135)
	at org.openqa.selenium.remote.HttpCommandExecutor.<init>(HttpCommandExecutor.java:116)
	at org.openqa.selenium.remote.HttpCommandExecutor.<init>(HttpCommandExecutor.java:94)
	at org.openqa.selenium.remote.service.DriverCommandExecutor.<init>(DriverCommandExecutor.java:88)
	at org.openqa.selenium.chromium.ChromiumDriverCommandExecutor.<init>(ChromiumDriverCommandExecutor.java:40)
	at org.openqa.selenium.chrome.ChromeDriver$ChromeDriverCommandExecutor.<init>(ChromeDriver.java:111)
	at org.openqa.selenium.chrome.ChromeDriver.generateExecutor(ChromeDriver.java:101)
	at org.openqa.selenium.chrome.ChromeDriver.<init>(ChromeDriver.java:88)
	at org.openqa.selenium.chrome.ChromeDriver.<init>(ChromeDriver.java:84)
	at org.openqa.selenium.chrome.ChromeDriver.<init>(ChromeDriver.java:52)
	at TestBase.BaseClass.Launch_Application(BaseClass.java:57)
	at java.base/jdk.internal.reflect.NativeMethodAccessorImpl.invoke0(Native Method)
	at java.base/jdk.internal.reflect.NativeMethodAccessorImpl.invoke(NativeMethodAccessorImpl.java:77)
	at java.base/jdk.internal.reflect.DelegatingMethodAccessorImpl.invoke(DelegatingMethodAccessorImpl.java:43)
	at java.base/java.lang.reflect.Method.invoke(Method.java:568)
	at org.testng.internal.invokers.MethodInvocationHelper.invokeMethod(MethodInvocationHelper.java:139)
	at org.testng.internal.invokers.MethodInvocationHelper.invokeMethodConsideringTimeout(MethodInvocationHelper.java:69)
	at org.testng.internal.invokers.ConfigInvoker.invokeConfigurationMethod(ConfigInvoker.java:361)
	at org.testng.internal.invokers.ConfigInvoker.invokeConfigurations(ConfigInvoker.java:296)
	at org.testng.internal.invokers.TestMethodWorker.invokeBeforeClassMethods(TestMethodWorker.java:180)
	at org.testng.internal.invokers.TestMethodWorker.run(TestMethodWorker.java:122)
	at java.base/java.util.ArrayList.forEach(ArrayList.java:1511)
	at org.testng.TestRunner.privateRun(TestRunner.java:829)
	at org.testng.TestRunner.run(TestRunner.java:602)
	at org.testng.SuiteRunner.runTest(SuiteRunner.java:437)
	at org.testng.SuiteRunner$SuiteWorker.run(SuiteRunner.java:475)
	at org.testng.internal.thread.ThreadUtil.lambda$execute$0(ThreadUtil.java:58)
	at java.base/java.util.concurrent.FutureTask.run(FutureTask.java:264)
	at java.base/java.util.concurrent.ThreadPoolExecutor.runWorker(ThreadPoolExecutor.java:1136)
	at java.base/java.util.concurrent.ThreadPoolExecutor$Worker.run(ThreadPoolExecutor.java:635)
	at java.base/java.lang.Thread.run(Thread.java:833)
Caused by: java.io.IOException: Error while instrumenting sun/security/ec/SunEC.
	at org.jacoco.agent.rt.internal_1f1cc91.core.instr.Instrumenter.instrumentError(Instrumenter.java:170)
	at org.jacoco.agent.rt.internal_1f1cc91.core.instr.Instrumenter.instrument(Instrumenter.java:120)
	at org.jacoco.agent.rt.internal_1f1cc91.CoverageTransformer.transform(CoverageTransformer.java:91)
	... 67 more
Caused by: java.lang.IllegalArgumentException: Unsupported class file major version 61
	at org.jacoco.agent.rt.internal_1f1cc91.asm.ClassReader.<init>(ClassReader.java:184)
	at org.jacoco.agent.rt.internal_1f1cc91.asm.ClassReader.<init>(ClassReader.java:166)
	at org.jacoco.agent.rt.internal_1f1cc91.asm.ClassReader.<init>(ClassReader.java:152)
	at org.jacoco.agent.rt.internal_1f1cc91.core.internal.instr.InstrSupport.classReaderFor(InstrSupport.java:247)
	at org.jacoco.agent.rt.internal_1f1cc91.core.instr.Instrumenter.instrument(Instrumenter.java:86)
	at org.jacoco.agent.rt.internal_1f1cc91.core.instr.Instrumenter.instrument(Instrumenter.java:118)
	... 68 more
java.lang.instrument.IllegalClassFormatException: Error while instrumenting sun/security/ec/SunEC$ProviderService.
	at org.jacoco.agent.rt.internal_1f1cc91.CoverageTransformer.transform(CoverageTransformer.java:93)
	at java.instrument/java.lang.instrument.ClassFileTransformer.transform(ClassFileTransformer.java:244)
	at java.instrument/sun.instrument.TransformerManager.transform(TransformerManager.java:188)
	at java.instrument/sun.instrument.InstrumentationImpl.transform(InstrumentationImpl.java:541)
	at java.base/java.lang.ClassLoader.defineClass2(Native Method)
	at java.base/java.lang.ClassLoader.defineClass(ClassLoader.java:1103)
	at java.base/java.security.SecureClassLoader.defineClass(SecureClassLoader.java:182)
	at java.base/jdk.internal.loader.BuiltinClassLoader.defineClass(BuiltinClassLoader.java:821)
	at java.base/jdk.internal.loader.BuiltinClassLoader.findClassInModuleOrNull(BuiltinClassLoader.java:741)
	at java.base/jdk.internal.loader.BuiltinClassLoader.loadClassOrNull(BuiltinClassLoader.java:665)
	at java.base/jdk.internal.loader.BuiltinClassLoader.loadClass(BuiltinClassLoader.java:639)
	at java.base/java.lang.ClassLoader.loadClass(ClassLoader.java:520)
	at java.base/java.lang.Class.getDeclaredMethods0(Native Method)
	at java.base/java.lang.Class.privateGetDeclaredMethods(Class.java:3402)
	at java.base/java.lang.Class.getDeclaredPublicMethods(Class.java:2691)
	at java.base/java.lang.System$2.getDeclaredPublicMethods(System.java:2259)
	at java.base/java.util.ServiceLoader.findStaticProviderMethod(ServiceLoader.java:621)
	at java.base/java.util.ServiceLoader.loadProvider(ServiceLoader.java:885)
	at java.base/java.util.ServiceLoader$ModuleServicesLookupIterator.hasNext(ServiceLoader.java:1084)
	at java.base/java.util.ServiceLoader$2.hasNext(ServiceLoader.java:1309)
	at java.base/java.util.ServiceLoader$3.hasNext(ServiceLoader.java:1393)
	at java.base/sun.security.jca.ProviderConfig$ProviderLoader.load(ProviderConfig.java:345)
	at java.base/sun.security.jca.ProviderConfig$3.run(ProviderConfig.java:254)
	at java.base/sun.security.jca.ProviderConfig$3.run(ProviderConfig.java:248)
	at java.base/java.security.AccessController.doPrivileged(AccessController.java:318)
	at java.base/sun.security.jca.ProviderConfig.doLoadProvider(ProviderConfig.java:248)
	at java.base/sun.security.jca.ProviderConfig.getProvider(ProviderConfig.java:226)
	at java.base/sun.security.jca.ProviderList.getProvider(ProviderList.java:268)
	at java.base/sun.security.jca.ProviderList.getService(ProviderList.java:381)
	at java.base/sun.security.jca.GetInstance.getInstance(GetInstance.java:157)
	at java.base/javax.net.ssl.SSLContext.getInstance(SSLContext.java:185)
	at io.netty.handler.ssl.JdkSslContext$Defaults.init(JdkSslContext.java:99)
	at io.netty.handler.ssl.JdkSslContext.<clinit>(JdkSslContext.java:73)
	at io.netty.handler.ssl.SslContext.newClientContextInternal(SslContext.java:825)
	at io.netty.handler.ssl.SslContextBuilder.build(SslContextBuilder.java:615)
	at org.asynchttpclient.netty.ssl.DefaultSslEngineFactory.buildSslContext(DefaultSslEngineFactory.java:59)
	at org.asynchttpclient.netty.ssl.DefaultSslEngineFactory.init(DefaultSslEngineFactory.java:74)
	at org.asynchttpclient.netty.channel.ChannelManager.<init>(ChannelManager.java:104)
	at org.asynchttpclient.DefaultAsyncHttpClient.<init>(DefaultAsyncHttpClient.java:92)
	at org.asynchttpclient.Dsl.asyncHttpClient(Dsl.java:32)
	at org.openqa.selenium.remote.http.netty.NettyClient.createHttpClient(NettyClient.java:94)
	at org.openqa.selenium.remote.http.netty.NettyClient.<clinit>(NettyClient.java:47)
	at org.openqa.selenium.remote.http.netty.NettyClient$Factory.createClient(NettyClient.java:135)
	at org.openqa.selenium.remote.HttpCommandExecutor.<init>(HttpCommandExecutor.java:116)
	at org.openqa.selenium.remote.HttpCommandExecutor.<init>(HttpCommandExecutor.java:94)
	at org.openqa.selenium.remote.service.DriverCommandExecutor.<init>(DriverCommandExecutor.java:88)
	at org.openqa.selenium.chromium.ChromiumDriverCommandExecutor.<init>(ChromiumDriverCommandExecutor.java:40)
	at org.openqa.selenium.chrome.ChromeDriver$ChromeDriverCommandExecutor.<init>(ChromeDriver.java:111)
	at org.openqa.selenium.chrome.ChromeDriver.generateExecutor(ChromeDriver.java:101)
	at org.openqa.selenium.chrome.ChromeDriver.<init>(ChromeDriver.java:88)
	at org.openqa.selenium.chrome.ChromeDriver.<init>(ChromeDriver.java:84)
	at org.openqa.selenium.chrome.ChromeDriver.<init>(ChromeDriver.java:52)
	at TestBase.BaseClass.Launch_Application(BaseClass.java:57)
	at java.base/jdk.internal.reflect.NativeMethodAccessorImpl.invoke0(Native Method)
	at java.base/jdk.internal.reflect.NativeMethodAccessorImpl.invoke(NativeMethodAccessorImpl.java:77)
	at java.base/jdk.internal.reflect.DelegatingMethodAccessorImpl.invoke(DelegatingMethodAccessorImpl.java:43)
	at java.base/java.lang.reflect.Method.invoke(Method.java:568)
	at org.testng.internal.invokers.MethodInvocationHelper.invokeMethod(MethodInvocationHelper.java:139)
	at org.testng.internal.invokers.MethodInvocationHelper.invokeMethodConsideringTimeout(MethodInvocationHelper.java:69)
	at org.testng.internal.invokers.ConfigInvoker.invokeConfigurationMethod(ConfigInvoker.java:361)
	at org.testng.internal.invokers.ConfigInvoker.invokeConfigurations(ConfigInvoker.java:296)
	at org.testng.internal.invokers.TestMethodWorker.invokeBeforeClassMethods(TestMethodWorker.java:180)
	at org.testng.internal.invokers.TestMethodWorker.run(TestMethodWorker.java:122)
	at java.base/java.util.ArrayList.forEach(ArrayList.java:1511)
	at org.testng.TestRunner.privateRun(TestRunner.java:829)
	at org.testng.TestRunner.run(TestRunner.java:602)
	at org.testng.SuiteRunner.runTest(SuiteRunner.java:437)
	at org.testng.SuiteRunner$SuiteWorker.run(SuiteRunner.java:475)
	at org.testng.internal.thread.ThreadUtil.lambda$execute$0(ThreadUtil.java:58)
	at java.base/java.util.concurrent.FutureTask.run(FutureTask.java:264)
	at java.base/java.util.concurrent.ThreadPoolExecutor.runWorker(ThreadPoolExecutor.java:1136)
	at java.base/java.util.concurrent.ThreadPoolExecutor$Worker.run(ThreadPoolExecutor.java:635)
	at java.base/java.lang.Thread.run(Thread.java:833)
Caused by: java.io.IOException: Error while instrumenting sun/security/ec/SunEC$ProviderService.
	at org.jacoco.agent.rt.internal_1f1cc91.core.instr.Instrumenter.instrumentError(Instrumenter.java:170)
	at org.jacoco.agent.rt.internal_1f1cc91.core.instr.Instrumenter.instrument(Instrumenter.java:120)
	at org.jacoco.agent.rt.internal_1f1cc91.CoverageTransformer.transform(CoverageTransformer.java:91)
	... 72 more
Caused by: java.lang.IllegalArgumentException: Unsupported class file major version 61
	at org.jacoco.agent.rt.internal_1f1cc91.asm.ClassReader.<init>(ClassReader.java:184)
	at org.jacoco.agent.rt.internal_1f1cc91.asm.ClassReader.<init>(ClassReader.java:166)
	at org.jacoco.agent.rt.internal_1f1cc91.asm.ClassReader.<init>(ClassReader.java:152)
	at org.jacoco.agent.rt.internal_1f1cc91.core.internal.instr.InstrSupport.classReaderFor(InstrSupport.java:247)
	at org.jacoco.agent.rt.internal_1f1cc91.core.instr.Instrumenter.instrument(Instrumenter.java:86)
	at org.jacoco.agent.rt.internal_1f1cc91.core.instr.Instrumenter.instrument(Instrumenter.java:118)
	... 73 more
java.lang.instrument.IllegalClassFormatException: Error while instrumenting sun/security/ec/SunEC$ProviderServiceA.
	at org.jacoco.agent.rt.internal_1f1cc91.CoverageTransformer.transform(CoverageTransformer.java:93)
	at java.instrument/java.lang.instrument.ClassFileTransformer.transform(ClassFileTransformer.java:244)
	at java.instrument/sun.instrument.TransformerManager.transform(TransformerManager.java:188)
	at java.instrument/sun.instrument.InstrumentationImpl.transform(InstrumentationImpl.java:541)
	at java.base/java.lang.ClassLoader.defineClass2(Native Method)
	at java.base/java.lang.ClassLoader.defineClass(ClassLoader.java:1103)
	at java.base/java.security.SecureClassLoader.defineClass(SecureClassLoader.java:182)
	at java.base/jdk.internal.loader.BuiltinClassLoader.defineClass(BuiltinClassLoader.java:821)
	at java.base/jdk.internal.loader.BuiltinClassLoader.findClassInModuleOrNull(BuiltinClassLoader.java:741)
	at java.base/jdk.internal.loader.BuiltinClassLoader.loadClassOrNull(BuiltinClassLoader.java:665)
	at java.base/jdk.internal.loader.BuiltinClassLoader.loadClass(BuiltinClassLoader.java:639)
	at java.base/java.lang.ClassLoader.loadClass(ClassLoader.java:520)
	at java.base/java.lang.Class.getDeclaredMethods0(Native Method)
	at java.base/java.lang.Class.privateGetDeclaredMethods(Class.java:3402)
	at java.base/java.lang.Class.getDeclaredPublicMethods(Class.java:2691)
	at java.base/java.lang.System$2.getDeclaredPublicMethods(System.java:2259)
	at java.base/java.util.ServiceLoader.findStaticProviderMethod(ServiceLoader.java:621)
	at java.base/java.util.ServiceLoader.loadProvider(ServiceLoader.java:885)
	at java.base/java.util.ServiceLoader$ModuleServicesLookupIterator.hasNext(ServiceLoader.java:1084)
	at java.base/java.util.ServiceLoader$2.hasNext(ServiceLoader.java:1309)
	at java.base/java.util.ServiceLoader$3.hasNext(ServiceLoader.java:1393)
	at java.base/sun.security.jca.ProviderConfig$ProviderLoader.load(ProviderConfig.java:345)
	at java.base/sun.security.jca.ProviderConfig$3.run(ProviderConfig.java:254)
	at java.base/sun.security.jca.ProviderConfig$3.run(ProviderConfig.java:248)
	at java.base/java.security.AccessController.doPrivileged(AccessController.java:318)
	at java.base/sun.security.jca.ProviderConfig.doLoadProvider(ProviderConfig.java:248)
	at java.base/sun.security.jca.ProviderConfig.getProvider(ProviderConfig.java:226)
	at java.base/sun.security.jca.ProviderList.getProvider(ProviderList.java:268)
	at java.base/sun.security.jca.ProviderList.getService(ProviderList.java:381)
	at java.base/sun.security.jca.GetInstance.getInstance(GetInstance.java:157)
	at java.base/javax.net.ssl.SSLContext.getInstance(SSLContext.java:185)
	at io.netty.handler.ssl.JdkSslContext$Defaults.init(JdkSslContext.java:99)
	at io.netty.handler.ssl.JdkSslContext.<clinit>(JdkSslContext.java:73)
	at io.netty.handler.ssl.SslContext.newClientContextInternal(SslContext.java:825)
	at io.netty.handler.ssl.SslContextBuilder.build(SslContextBuilder.java:615)
	at org.asynchttpclient.netty.ssl.DefaultSslEngineFactory.buildSslContext(DefaultSslEngineFactory.java:59)
	at org.asynchttpclient.netty.ssl.DefaultSslEngineFactory.init(DefaultSslEngineFactory.java:74)
	at org.asynchttpclient.netty.channel.ChannelManager.<init>(ChannelManager.java:104)
	at org.asynchttpclient.DefaultAsyncHttpClient.<init>(DefaultAsyncHttpClient.java:92)
	at org.asynchttpclient.Dsl.asyncHttpClient(Dsl.java:32)
	at org.openqa.selenium.remote.http.netty.NettyClient.createHttpClient(NettyClient.java:94)
	at org.openqa.selenium.remote.http.netty.NettyClient.<clinit>(NettyClient.java:47)
	at org.openqa.selenium.remote.http.netty.NettyClient$Factory.createClient(NettyClient.java:135)
	at org.openqa.selenium.remote.HttpCommandExecutor.<init>(HttpCommandExecutor.java:116)
	at org.openqa.selenium.remote.HttpCommandExecutor.<init>(HttpCommandExecutor.java:94)
	at org.openqa.selenium.remote.service.DriverCommandExecutor.<init>(DriverCommandExecutor.java:88)
	at org.openqa.selenium.chromium.ChromiumDriverCommandExecutor.<init>(ChromiumDriverCommandExecutor.java:40)
	at org.openqa.selenium.chrome.ChromeDriver$ChromeDriverCommandExecutor.<init>(ChromeDriver.java:111)
	at org.openqa.selenium.chrome.ChromeDriver.generateExecutor(ChromeDriver.java:101)
	at org.openqa.selenium.chrome.ChromeDriver.<init>(ChromeDriver.java:88)
	at org.openqa.selenium.chrome.ChromeDriver.<init>(ChromeDriver.java:84)
	at org.openqa.selenium.chrome.ChromeDriver.<init>(ChromeDriver.java:52)
	at TestBase.BaseClass.Launch_Application(BaseClass.java:57)
	at java.base/jdk.internal.reflect.NativeMethodAccessorImpl.invoke0(Native Method)
	at java.base/jdk.internal.reflect.NativeMethodAccessorImpl.invoke(NativeMethodAccessorImpl.java:77)
	at java.base/jdk.internal.reflect.DelegatingMethodAccessorImpl.invoke(DelegatingMethodAccessorImpl.java:43)
	at java.base/java.lang.reflect.Method.invoke(Method.java:568)
	at org.testng.internal.invokers.MethodInvocationHelper.invokeMethod(MethodInvocationHelper.java:139)
	at org.testng.internal.invokers.MethodInvocationHelper.invokeMethodConsideringTimeout(MethodInvocationHelper.java:69)
	at org.testng.internal.invokers.ConfigInvoker.invokeConfigurationMethod(ConfigInvoker.java:361)
	at org.testng.internal.invokers.ConfigInvoker.invokeConfigurations(ConfigInvoker.java:296)
	at org.testng.internal.invokers.TestMethodWorker.invokeBeforeClassMethods(TestMethodWorker.java:180)
	at org.testng.internal.invokers.TestMethodWorker.run(TestMethodWorker.java:122)
	at java.base/java.util.ArrayList.forEach(ArrayList.java:1511)
	at org.testng.TestRunner.privateRun(TestRunner.java:829)
	at org.testng.TestRunner.run(TestRunner.java:602)
	at org.testng.SuiteRunner.runTest(SuiteRunner.java:437)
	at org.testng.SuiteRunner$SuiteWorker.run(SuiteRunner.java:475)
	at org.testng.internal.thread.ThreadUtil.lambda$execute$0(ThreadUtil.java:58)
	at java.base/java.util.concurrent.FutureTask.run(FutureTask.java:264)
	at java.base/java.util.concurrent.ThreadPoolExecutor.runWorker(ThreadPoolExecutor.java:1136)
	at java.base/java.util.concurrent.ThreadPoolExecutor$Worker.run(ThreadPoolExecutor.java:635)
	at java.base/java.lang.Thread.run(Thread.java:833)
Caused by: java.io.IOException: Error while instrumenting sun/security/ec/SunEC$ProviderServiceA.
	at org.jacoco.agent.rt.internal_1f1cc91.core.instr.Instrumenter.instrumentError(Instrumenter.java:170)
	at org.jacoco.agent.rt.internal_1f1cc91.core.instr.Instrumenter.instrument(Instrumenter.java:120)
	at org.jacoco.agent.rt.internal_1f1cc91.CoverageTransformer.transform(CoverageTransformer.java:91)
	... 72 more
Caused by: java.lang.IllegalArgumentException: Unsupported class file major version 61
	at org.jacoco.agent.rt.internal_1f1cc91.asm.ClassReader.<init>(ClassReader.java:184)
	at org.jacoco.agent.rt.internal_1f1cc91.asm.ClassReader.<init>(ClassReader.java:166)
	at org.jacoco.agent.rt.internal_1f1cc91.asm.ClassReader.<init>(ClassReader.java:152)
	at org.jacoco.agent.rt.internal_1f1cc91.core.internal.instr.InstrSupport.classReaderFor(InstrSupport.java:247)
	at org.jacoco.agent.rt.internal_1f1cc91.core.instr.Instrumenter.instrument(Instrumenter.java:86)
	at org.jacoco.agent.rt.internal_1f1cc91.core.instr.Instrumenter.instrument(Instrumenter.java:118)
	... 73 more
java.lang.instrument.IllegalClassFormatException: Error while instrumenting sun/security/ec/SunEC$1.
	at org.jacoco.agent.rt.internal_1f1cc91.CoverageTransformer.transform(CoverageTransformer.java:93)
	at java.instrument/java.lang.instrument.ClassFileTransformer.transform(ClassFileTransformer.java:244)
	at java.instrument/sun.instrument.TransformerManager.transform(TransformerManager.java:188)
	at java.instrument/sun.instrument.InstrumentationImpl.transform(InstrumentationImpl.java:541)
	at java.base/java.lang.ClassLoader.defineClass2(Native Method)
	at java.base/java.lang.ClassLoader.defineClass(ClassLoader.java:1103)
	at java.base/java.security.SecureClassLoader.defineClass(SecureClassLoader.java:182)
	at java.base/jdk.internal.loader.BuiltinClassLoader.defineClass(BuiltinClassLoader.java:821)
	at java.base/jdk.internal.loader.BuiltinClassLoader.findClassInModuleOrNull(BuiltinClassLoader.java:741)
	at java.base/jdk.internal.loader.BuiltinClassLoader.loadClassOrNull(BuiltinClassLoader.java:665)
	at java.base/jdk.internal.loader.BuiltinClassLoader.loadClass(BuiltinClassLoader.java:639)
	at java.base/java.lang.ClassLoader.loadClass(ClassLoader.java:520)
	at jdk.crypto.ec/sun.security.ec.SunEC.<init>(SunEC.java:192)
	at java.base/jdk.internal.reflect.NativeConstructorAccessorImpl.newInstance0(Native Method)
	at java.base/jdk.internal.reflect.NativeConstructorAccessorImpl.newInstance(NativeConstructorAccessorImpl.java:77)
	at java.base/jdk.internal.reflect.DelegatingConstructorAccessorImpl.newInstance(DelegatingConstructorAccessorImpl.java:45)
	at java.base/java.lang.reflect.Constructor.newInstanceWithCaller(Constructor.java:499)
	at java.base/java.lang.reflect.Constructor.newInstance(Constructor.java:480)
	at java.base/java.util.ServiceLoader$ProviderImpl.newInstance(ServiceLoader.java:789)
	at java.base/java.util.ServiceLoader$ProviderImpl.get(ServiceLoader.java:729)
	at java.base/java.util.ServiceLoader$3.next(ServiceLoader.java:1403)
	at java.base/sun.security.jca.ProviderConfig$ProviderLoader.load(ProviderConfig.java:347)
	at java.base/sun.security.jca.ProviderConfig$3.run(ProviderConfig.java:254)
	at java.base/sun.security.jca.ProviderConfig$3.run(ProviderConfig.java:248)
	at java.base/java.security.AccessController.doPrivileged(AccessController.java:318)
	at java.base/sun.security.jca.ProviderConfig.doLoadProvider(ProviderConfig.java:248)
	at java.base/sun.security.jca.ProviderConfig.getProvider(ProviderConfig.java:226)
	at java.base/sun.security.jca.ProviderList.getProvider(ProviderList.java:268)
	at java.base/sun.security.jca.ProviderList.getService(ProviderList.java:381)
	at java.base/sun.security.jca.GetInstance.getInstance(GetInstance.java:157)
	at java.base/javax.net.ssl.SSLContext.getInstance(SSLContext.java:185)
	at io.netty.handler.ssl.JdkSslContext$Defaults.init(JdkSslContext.java:99)
	at io.netty.handler.ssl.JdkSslContext.<clinit>(JdkSslContext.java:73)
	at io.netty.handler.ssl.SslContext.newClientContextInternal(SslContext.java:825)
	at io.netty.handler.ssl.SslContextBuilder.build(SslContextBuilder.java:615)
	at org.asynchttpclient.netty.ssl.DefaultSslEngineFactory.buildSslContext(DefaultSslEngineFactory.java:59)
	at org.asynchttpclient.netty.ssl.DefaultSslEngineFactory.init(DefaultSslEngineFactory.java:74)
	at org.asynchttpclient.netty.channel.ChannelManager.<init>(ChannelManager.java:104)
	at org.asynchttpclient.DefaultAsyncHttpClient.<init>(DefaultAsyncHttpClient.java:92)
	at org.asynchttpclient.Dsl.asyncHttpClient(Dsl.java:32)
	at org.openqa.selenium.remote.http.netty.NettyClient.createHttpClient(NettyClient.java:94)
	at org.openqa.selenium.remote.http.netty.NettyClient.<clinit>(NettyClient.java:47)
	at org.openqa.selenium.remote.http.netty.NettyClient$Factory.createClient(NettyClient.java:135)
	at org.openqa.selenium.remote.HttpCommandExecutor.<init>(HttpCommandExecutor.java:116)
	at org.openqa.selenium.remote.HttpCommandExecutor.<init>(HttpCommandExecutor.java:94)
	at org.openqa.selenium.remote.service.DriverCommandExecutor.<init>(DriverCommandExecutor.java:88)
	at org.openqa.selenium.chromium.ChromiumDriverCommandExecutor.<init>(ChromiumDriverCommandExecutor.java:40)
	at org.openqa.selenium.chrome.ChromeDriver$ChromeDriverCommandExecutor.<init>(ChromeDriver.java:111)
	at org.openqa.selenium.chrome.ChromeDriver.generateExecutor(ChromeDriver.java:101)
	at org.openqa.selenium.chrome.ChromeDriver.<init>(ChromeDriver.java:88)
	at org.openqa.selenium.chrome.ChromeDriver.<init>(ChromeDriver.java:84)
	at org.openqa.selenium.chrome.ChromeDriver.<init>(ChromeDriver.java:52)
	at TestBase.BaseClass.Launch_Application(BaseClass.java:57)
	at java.base/jdk.internal.reflect.NativeMethodAccessorImpl.invoke0(Native Method)
	at java.base/jdk.internal.reflect.NativeMethodAccessorImpl.invoke(NativeMethodAccessorImpl.java:77)
	at java.base/jdk.internal.reflect.DelegatingMethodAccessorImpl.invoke(DelegatingMethodAccessorImpl.java:43)
	at java.base/java.lang.reflect.Method.invoke(Method.java:568)
	at org.testng.internal.invokers.MethodInvocationHelper.invokeMethod(MethodInvocationHelper.java:139)
	at org.testng.internal.invokers.MethodInvocationHelper.invokeMethodConsideringTimeout(MethodInvocationHelper.java:69)
	at org.testng.internal.invokers.ConfigInvoker.invokeConfigurationMethod(ConfigInvoker.java:361)
	at org.testng.internal.invokers.ConfigInvoker.invokeConfigurations(ConfigInvoker.java:296)
	at org.testng.internal.invokers.TestMethodWorker.invokeBeforeClassMethods(TestMethodWorker.java:180)
	at org.testng.internal.invokers.TestMethodWorker.run(TestMethodWorker.java:122)
	at java.base/java.util.ArrayList.forEach(ArrayList.java:1511)
	at org.testng.TestRunner.privateRun(TestRunner.java:829)
	at org.testng.TestRunner.run(TestRunner.java:602)
	at org.testng.SuiteRunner.runTest(SuiteRunner.java:437)
	at org.testng.SuiteRunner$SuiteWorker.run(SuiteRunner.java:475)
	at org.testng.internal.thread.ThreadUtil.lambda$execute$0(ThreadUtil.java:58)
	at java.base/java.util.concurrent.FutureTask.run(FutureTask.java:264)
	at java.base/java.util.concurrent.ThreadPoolExecutor.runWorker(ThreadPoolExecutor.java:1136)
	at java.base/java.util.concurrent.ThreadPoolExecutor$Worker.run(ThreadPoolExecutor.java:635)
	at java.base/java.lang.Thread.run(Thread.java:833)
Caused by: java.io.IOException: Error while instrumenting sun/security/ec/SunEC$1.
	at org.jacoco.agent.rt.internal_1f1cc91.core.instr.Instrumenter.instrumentError(Instrumenter.java:170)
	at org.jacoco.agent.rt.internal_1f1cc91.core.instr.Instrumenter.instrument(Instrumenter.java:120)
	at org.jacoco.agent.rt.internal_1f1cc91.CoverageTransformer.transform(CoverageTransformer.java:91)
	... 72 more
Caused by: java.lang.IllegalArgumentException: Unsupported class file major version 61
	at org.jacoco.agent.rt.internal_1f1cc91.asm.ClassReader.<init>(ClassReader.java:184)
	at org.jacoco.agent.rt.internal_1f1cc91.asm.ClassReader.<init>(ClassReader.java:166)
	at org.jacoco.agent.rt.internal_1f1cc91.asm.ClassReader.<init>(ClassReader.java:152)
	at org.jacoco.agent.rt.internal_1f1cc91.core.internal.instr.InstrSupport.classReaderFor(InstrSupport.java:247)
	at org.jacoco.agent.rt.internal_1f1cc91.core.instr.Instrumenter.instrument(Instrumenter.java:86)
	at org.jacoco.agent.rt.internal_1f1cc91.core.instr.Instrumenter.instrument(Instrumenter.java:118)
	... 73 more
java.lang.instrument.IllegalClassFormatException: Error while instrumenting sun/security/ec/ECDSASignature$SHA1.
	at org.jacoco.agent.rt.internal_1f1cc91.CoverageTransformer.transform(CoverageTransformer.java:93)
	at java.instrument/java.lang.instrument.ClassFileTransformer.transform(ClassFileTransformer.java:244)
	at java.instrument/sun.instrument.TransformerManager.transform(TransformerManager.java:188)
	at java.instrument/sun.instrument.InstrumentationImpl.transform(InstrumentationImpl.java:541)
	at java.base/java.lang.ClassLoader.defineClass2(Native Method)
	at java.base/java.lang.ClassLoader.defineClass(ClassLoader.java:1103)
	at java.base/java.security.SecureClassLoader.defineClass(SecureClassLoader.java:182)
	at java.base/jdk.internal.loader.BuiltinClassLoader.defineClass(BuiltinClassLoader.java:821)
	at java.base/jdk.internal.loader.BuiltinClassLoader.findClassInModuleOrNull(BuiltinClassLoader.java:741)
	at java.base/jdk.internal.loader.BuiltinClassLoader.loadClassOrNull(BuiltinClassLoader.java:665)
	at java.base/jdk.internal.loader.BuiltinClassLoader.loadClass(BuiltinClassLoader.java:639)
	at java.base/java.lang.ClassLoader.loadClass(ClassLoader.java:520)
	at jdk.crypto.ec/sun.security.ec.SunEC$ProviderService.newInstance(SunEC.java:104)
	at java.base/java.security.Signature.isSpi(Signature.java:331)
	at java.base/java.security.Signature.getInstance(Signature.java:275)
	at java.base/sun.security.ssl.JsseJce$EcAvailability.<clinit>(JsseJce.java:169)
	at java.base/sun.security.ssl.JsseJce.isEcAvailable(JsseJce.java:131)
	at java.base/sun.security.ssl.CipherSuite$KeyExchange.isAvailable(CipherSuite.java:1137)
	at java.base/sun.security.ssl.CipherSuite.isAvailable(CipherSuite.java:999)
	at java.base/sun.security.ssl.SSLContextImpl.getApplicableCipherSuites(SSLContextImpl.java:379)
	at java.base/sun.security.ssl.SSLContextImpl.getApplicableSupportedCipherSuites(SSLContextImpl.java:342)
	at java.base/sun.security.ssl.SSLContextImpl$AbstractTLSContext.<clinit>(SSLContextImpl.java:556)
	at java.base/java.lang.Class.forName0(Native Method)
	at java.base/java.lang.Class.forName(Class.java:375)
	at java.base/java.security.Provider$Service.getImplClass(Provider.java:1933)
	at java.base/java.security.Provider$Service.getDefaultConstructor(Provider.java:1964)
	at java.base/java.security.Provider$Service.newInstanceOf(Provider.java:1878)
	at java.base/java.security.Provider$Service.newInstanceUtil(Provider.java:1886)
	at java.base/java.security.Provider$Service.newInstance(Provider.java:1861)
	at java.base/sun.security.jca.GetInstance.getInstance(GetInstance.java:236)
	at java.base/sun.security.jca.GetInstance.getInstance(GetInstance.java:164)
	at java.base/javax.net.ssl.SSLContext.getInstance(SSLContext.java:185)
	at io.netty.handler.ssl.JdkSslContext$Defaults.init(JdkSslContext.java:99)
	at io.netty.handler.ssl.JdkSslContext.<clinit>(JdkSslContext.java:73)
	at io.netty.handler.ssl.SslContext.newClientContextInternal(SslContext.java:825)
	at io.netty.handler.ssl.SslContextBuilder.build(SslContextBuilder.java:615)
	at org.asynchttpclient.netty.ssl.DefaultSslEngineFactory.buildSslContext(DefaultSslEngineFactory.java:59)
	at org.asynchttpclient.netty.ssl.DefaultSslEngineFactory.init(DefaultSslEngineFactory.java:74)
	at org.asynchttpclient.netty.channel.ChannelManager.<init>(ChannelManager.java:104)
	at org.asynchttpclient.DefaultAsyncHttpClient.<init>(DefaultAsyncHttpClient.java:92)
	at org.asynchttpclient.Dsl.asyncHttpClient(Dsl.java:32)
	at org.openqa.selenium.remote.http.netty.NettyClient.createHttpClient(NettyClient.java:94)
	at org.openqa.selenium.remote.http.netty.NettyClient.<clinit>(NettyClient.java:47)
	at org.openqa.selenium.remote.http.netty.NettyClient$Factory.createClient(NettyClient.java:135)
	at org.openqa.selenium.remote.HttpCommandExecutor.<init>(HttpCommandExecutor.java:116)
	at org.openqa.selenium.remote.HttpCommandExecutor.<init>(HttpCommandExecutor.java:94)
	at org.openqa.selenium.remote.service.DriverCommandExecutor.<init>(DriverCommandExecutor.java:88)
	at org.openqa.selenium.chromium.ChromiumDriverCommandExecutor.<init>(ChromiumDriverCommandExecutor.java:40)
	at org.openqa.selenium.chrome.ChromeDriver$ChromeDriverCommandExecutor.<init>(ChromeDriver.java:111)
	at org.openqa.selenium.chrome.ChromeDriver.generateExecutor(ChromeDriver.java:101)
	at org.openqa.selenium.chrome.ChromeDriver.<init>(ChromeDriver.java:88)
	at org.openqa.selenium.chrome.ChromeDriver.<init>(ChromeDriver.java:84)
	at org.openqa.selenium.chrome.ChromeDriver.<init>(ChromeDriver.java:52)
	at TestBase.BaseClass.Launch_Application(BaseClass.java:57)
	at java.base/jdk.internal.reflect.NativeMethodAccessorImpl.invoke0(Native Method)
	at java.base/jdk.internal.reflect.NativeMethodAccessorImpl.invoke(NativeMethodAccessorImpl.java:77)
	at java.base/jdk.internal.reflect.DelegatingMethodAccessorImpl.invoke(DelegatingMethodAccessorImpl.java:43)
	at java.base/java.lang.reflect.Method.invoke(Method.java:568)
	at org.testng.internal.invokers.MethodInvocationHelper.invokeMethod(MethodInvocationHelper.java:139)
	at org.testng.internal.invokers.MethodInvocationHelper.invokeMethodConsideringTimeout(MethodInvocationHelper.java:69)
	at org.testng.internal.invokers.ConfigInvoker.invokeConfigurationMethod(ConfigInvoker.java:361)
	at org.testng.internal.invokers.ConfigInvoker.invokeConfigurations(ConfigInvoker.java:296)
	at org.testng.internal.invokers.TestMethodWorker.invokeBeforeClassMethods(TestMethodWorker.java:180)
	at org.testng.internal.invokers.TestMethodWorker.run(TestMethodWorker.java:122)
	at java.base/java.util.ArrayList.forEach(ArrayList.java:1511)
	at org.testng.TestRunner.privateRun(TestRunner.java:829)
	at org.testng.TestRunner.run(TestRunner.java:602)
	at org.testng.SuiteRunner.runTest(SuiteRunner.java:437)
	at org.testng.SuiteRunner$SuiteWorker.run(SuiteRunner.java:475)
	at org.testng.internal.thread.ThreadUtil.lambda$execute$0(ThreadUtil.java:58)
	at java.base/java.util.concurrent.FutureTask.run(FutureTask.java:264)
	at java.base/java.util.concurrent.ThreadPoolExecutor.runWorker(ThreadPoolExecutor.java:1136)
	at java.base/java.util.concurrent.ThreadPoolExecutor$Worker.run(ThreadPoolExecutor.java:635)
	at java.base/java.lang.Thread.run(Thread.java:833)
Caused by: java.io.IOException: Error while instrumenting sun/security/ec/ECDSASignature$SHA1.
	at org.jacoco.agent.rt.internal_1f1cc91.core.instr.Instrumenter.instrumentError(Instrumenter.java:170)
	at org.jacoco.agent.rt.internal_1f1cc91.core.instr.Instrumenter.instrument(Instrumenter.java:120)
	at org.jacoco.agent.rt.internal_1f1cc91.CoverageTransformer.transform(CoverageTransformer.java:91)
	... 73 more
Caused by: java.lang.IllegalArgumentException: Unsupported class file major version 61
	at org.jacoco.agent.rt.internal_1f1cc91.asm.ClassReader.<init>(ClassReader.java:184)
	at org.jacoco.agent.rt.internal_1f1cc91.asm.ClassReader.<init>(ClassReader.java:166)
	at org.jacoco.agent.rt.internal_1f1cc91.asm.ClassReader.<init>(ClassReader.java:152)
	at org.jacoco.agent.rt.internal_1f1cc91.core.internal.instr.InstrSupport.classReaderFor(InstrSupport.java:247)
	at org.jacoco.agent.rt.internal_1f1cc91.core.instr.Instrumenter.instrument(Instrumenter.java:86)
	at org.jacoco.agent.rt.internal_1f1cc91.core.instr.Instrumenter.instrument(Instrumenter.java:118)
	... 74 more
java.lang.instrument.IllegalClassFormatException: Error while instrumenting sun/security/ec/ECDSASignature.
	at org.jacoco.agent.rt.internal_1f1cc91.CoverageTransformer.transform(CoverageTransformer.java:93)
	at java.instrument/java.lang.instrument.ClassFileTransformer.transform(ClassFileTransformer.java:244)
	at java.instrument/sun.instrument.TransformerManager.transform(TransformerManager.java:188)
	at java.instrument/sun.instrument.InstrumentationImpl.transform(InstrumentationImpl.java:541)
	at java.base/java.lang.ClassLoader.defineClass2(Native Method)
	at java.base/java.lang.ClassLoader.defineClass(ClassLoader.java:1103)
	at java.base/java.security.SecureClassLoader.defineClass(SecureClassLoader.java:182)
	at java.base/jdk.internal.loader.BuiltinClassLoader.defineClass(BuiltinClassLoader.java:821)
	at java.base/jdk.internal.loader.BuiltinClassLoader.findClassInModuleOrNull(BuiltinClassLoader.java:741)
	at java.base/jdk.internal.loader.BuiltinClassLoader.loadClassOrNull(BuiltinClassLoader.java:665)
	at java.base/jdk.internal.loader.BuiltinClassLoader.loadClass(BuiltinClassLoader.java:639)
	at java.base/java.lang.ClassLoader.loadClass(ClassLoader.java:520)
	at java.base/java.lang.ClassLoader.defineClass2(Native Method)
	at java.base/java.lang.ClassLoader.defineClass(ClassLoader.java:1103)
	at java.base/java.security.SecureClassLoader.defineClass(SecureClassLoader.java:182)
	at java.base/jdk.internal.loader.BuiltinClassLoader.defineClass(BuiltinClassLoader.java:821)
	at java.base/jdk.internal.loader.BuiltinClassLoader.findClassInModuleOrNull(BuiltinClassLoader.java:741)
	at java.base/jdk.internal.loader.BuiltinClassLoader.loadClassOrNull(BuiltinClassLoader.java:665)
	at java.base/jdk.internal.loader.BuiltinClassLoader.loadClass(BuiltinClassLoader.java:639)
	at java.base/java.lang.ClassLoader.loadClass(ClassLoader.java:520)
	at jdk.crypto.ec/sun.security.ec.SunEC$ProviderService.newInstance(SunEC.java:104)
	at java.base/java.security.Signature.isSpi(Signature.java:331)
	at java.base/java.security.Signature.getInstance(Signature.java:275)
	at java.base/sun.security.ssl.JsseJce$EcAvailability.<clinit>(JsseJce.java:169)
	at java.base/sun.security.ssl.JsseJce.isEcAvailable(JsseJce.java:131)
	at java.base/sun.security.ssl.CipherSuite$KeyExchange.isAvailable(CipherSuite.java:1137)
	at java.base/sun.security.ssl.CipherSuite.isAvailable(CipherSuite.java:999)
	at java.base/sun.security.ssl.SSLContextImpl.getApplicableCipherSuites(SSLContextImpl.java:379)
	at java.base/sun.security.ssl.SSLContextImpl.getApplicableSupportedCipherSuites(SSLContextImpl.java:342)
	at java.base/sun.security.ssl.SSLContextImpl$AbstractTLSContext.<clinit>(SSLContextImpl.java:556)
	at java.base/java.lang.Class.forName0(Native Method)
	at java.base/java.lang.Class.forName(Class.java:375)
	at java.base/java.security.Provider$Service.getImplClass(Provider.java:1933)
	at java.base/java.security.Provider$Service.getDefaultConstructor(Provider.java:1964)
	at java.base/java.security.Provider$Service.newInstanceOf(Provider.java:1878)
	at java.base/java.security.Provider$Service.newInstanceUtil(Provider.java:1886)
	at java.base/java.security.Provider$Service.newInstance(Provider.java:1861)
	at java.base/sun.security.jca.GetInstance.getInstance(GetInstance.java:236)
	at java.base/sun.security.jca.GetInstance.getInstance(GetInstance.java:164)
	at java.base/javax.net.ssl.SSLContext.getInstance(SSLContext.java:185)
	at io.netty.handler.ssl.JdkSslContext$Defaults.init(JdkSslContext.java:99)
	at io.netty.handler.ssl.JdkSslContext.<clinit>(JdkSslContext.java:73)
	at io.netty.handler.ssl.SslContext.newClientContextInternal(SslContext.java:825)
	at io.netty.handler.ssl.SslContextBuilder.build(SslContextBuilder.java:615)
	at org.asynchttpclient.netty.ssl.DefaultSslEngineFactory.buildSslContext(DefaultSslEngineFactory.java:59)
	at org.asynchttpclient.netty.ssl.DefaultSslEngineFactory.init(DefaultSslEngineFactory.java:74)
	at org.asynchttpclient.netty.channel.ChannelManager.<init>(ChannelManager.java:104)
	at org.asynchttpclient.DefaultAsyncHttpClient.<init>(DefaultAsyncHttpClient.java:92)
	at org.asynchttpclient.Dsl.asyncHttpClient(Dsl.java:32)
	at org.openqa.selenium.remote.http.netty.NettyClient.createHttpClient(NettyClient.java:94)
	at org.openqa.selenium.remote.http.netty.NettyClient.<clinit>(NettyClient.java:47)
	at org.openqa.selenium.remote.http.netty.NettyClient$Factory.createClient(NettyClient.java:135)
	at org.openqa.selenium.remote.HttpCommandExecutor.<init>(HttpCommandExecutor.java:116)
	at org.openqa.selenium.remote.HttpCommandExecutor.<init>(HttpCommandExecutor.java:94)
	at org.openqa.selenium.remote.service.DriverCommandExecutor.<init>(DriverCommandExecutor.java:88)
	at org.openqa.selenium.chromium.ChromiumDriverCommandExecutor.<init>(ChromiumDriverCommandExecutor.java:40)
	at org.openqa.selenium.chrome.ChromeDriver$ChromeDriverCommandExecutor.<init>(ChromeDriver.java:111)
	at org.openqa.selenium.chrome.ChromeDriver.generateExecutor(ChromeDriver.java:101)
	at org.openqa.selenium.chrome.ChromeDriver.<init>(ChromeDriver.java:88)
	at org.openqa.selenium.chrome.ChromeDriver.<init>(ChromeDriver.java:84)
	at org.openqa.selenium.chrome.ChromeDriver.<init>(ChromeDriver.java:52)
	at TestBase.BaseClass.Launch_Application(BaseClass.java:57)
	at java.base/jdk.internal.reflect.NativeMethodAccessorImpl.invoke0(Native Method)
	at java.base/jdk.internal.reflect.NativeMethodAccessorImpl.invoke(NativeMethodAccessorImpl.java:77)
	at java.base/jdk.internal.reflect.DelegatingMethodAccessorImpl.invoke(DelegatingMethodAccessorImpl.java:43)
	at java.base/java.lang.reflect.Method.invoke(Method.java:568)
	at org.testng.internal.invokers.MethodInvocationHelper.invokeMethod(MethodInvocationHelper.java:139)
	at org.testng.internal.invokers.MethodInvocationHelper.invokeMethodConsideringTimeout(MethodInvocationHelper.java:69)
	at org.testng.internal.invokers.ConfigInvoker.invokeConfigurationMethod(ConfigInvoker.java:361)
	at org.testng.internal.invokers.ConfigInvoker.invokeConfigurations(ConfigInvoker.java:296)
	at org.testng.internal.invokers.TestMethodWorker.invokeBeforeClassMethods(TestMethodWorker.java:180)
	at org.testng.internal.invokers.TestMethodWorker.run(TestMethodWorker.java:122)
	at java.base/java.util.ArrayList.forEach(ArrayList.java:1511)
	at org.testng.TestRunner.privateRun(TestRunner.java:829)
	at org.testng.TestRunner.run(TestRunner.java:602)
	at org.testng.SuiteRunner.runTest(SuiteRunner.java:437)
	at org.testng.SuiteRunner$SuiteWorker.run(SuiteRunner.java:475)
	at org.testng.internal.thread.ThreadUtil.lambda$execute$0(ThreadUtil.java:58)
	at java.base/java.util.concurrent.FutureTask.run(FutureTask.java:264)
	at java.base/java.util.concurrent.ThreadPoolExecutor.runWorker(ThreadPoolExecutor.java:1136)
	at java.base/java.util.concurrent.ThreadPoolExecutor$Worker.run(ThreadPoolExecutor.java:635)
	at java.base/java.lang.Thread.run(Thread.java:833)
Caused by: java.io.IOException: Error while instrumenting sun/security/ec/ECDSASignature.
	at org.jacoco.agent.rt.internal_1f1cc91.core.instr.Instrumenter.instrumentError(Instrumenter.java:170)
	at org.jacoco.agent.rt.internal_1f1cc91.core.instr.Instrumenter.instrument(Instrumenter.java:120)
	at org.jacoco.agent.rt.internal_1f1cc91.CoverageTransformer.transform(CoverageTransformer.java:91)
	... 81 more
Caused by: java.lang.IllegalArgumentException: Unsupported class file major version 61
	at org.jacoco.agent.rt.internal_1f1cc91.asm.ClassReader.<init>(ClassReader.java:184)
	at org.jacoco.agent.rt.internal_1f1cc91.asm.ClassReader.<init>(ClassReader.java:166)
	at org.jacoco.agent.rt.internal_1f1cc91.asm.ClassReader.<init>(ClassReader.java:152)
	at org.jacoco.agent.rt.internal_1f1cc91.core.internal.instr.InstrSupport.classReaderFor(InstrSupport.java:247)
	at org.jacoco.agent.rt.internal_1f1cc91.core.instr.Instrumenter.instrument(Instrumenter.java:86)
	at org.jacoco.agent.rt.internal_1f1cc91.core.instr.Instrumenter.instrument(Instrumenter.java:118)
	... 82 more
java.lang.instrument.IllegalClassFormatException: Error while instrumenting sun/security/ec/ECOperations$IntermediateValueException.
	at org.jacoco.agent.rt.internal_1f1cc91.CoverageTransformer.transform(CoverageTransformer.java:93)
	at java.instrument/java.lang.instrument.ClassFileTransformer.transform(ClassFileTransformer.java:244)
	at java.instrument/sun.instrument.TransformerManager.transform(TransformerManager.java:188)
	at java.instrument/sun.instrument.InstrumentationImpl.transform(InstrumentationImpl.java:541)
	at java.base/java.lang.ClassLoader.defineClass2(Native Method)
	at java.base/java.lang.ClassLoader.defineClass(ClassLoader.java:1103)
	at java.base/java.security.SecureClassLoader.defineClass(SecureClassLoader.java:182)
	at java.base/jdk.internal.loader.BuiltinClassLoader.defineClass(BuiltinClassLoader.java:821)
	at java.base/jdk.internal.loader.BuiltinClassLoader.findClassInModuleOrNull(BuiltinClassLoader.java:741)
	at java.base/jdk.internal.loader.BuiltinClassLoader.loadClassOrNull(BuiltinClassLoader.java:665)
	at java.base/jdk.internal.loader.BuiltinClassLoader.loadClass(BuiltinClassLoader.java:639)
	at java.base/java.lang.ClassLoader.loadClass(ClassLoader.java:520)
	at jdk.crypto.ec/sun.security.ec.SunEC$ProviderService.newInstance(SunEC.java:104)
	at java.base/java.security.Signature.isSpi(Signature.java:331)
	at java.base/java.security.Signature.getInstance(Signature.java:275)
	at java.base/sun.security.ssl.JsseJce$EcAvailability.<clinit>(JsseJce.java:169)
	at java.base/sun.security.ssl.JsseJce.isEcAvailable(JsseJce.java:131)
	at java.base/sun.security.ssl.CipherSuite$KeyExchange.isAvailable(CipherSuite.java:1137)
	at java.base/sun.security.ssl.CipherSuite.isAvailable(CipherSuite.java:999)
	at java.base/sun.security.ssl.SSLContextImpl.getApplicableCipherSuites(SSLContextImpl.java:379)
	at java.base/sun.security.ssl.SSLContextImpl.getApplicableSupportedCipherSuites(SSLContextImpl.java:342)
	at java.base/sun.security.ssl.SSLContextImpl$AbstractTLSContext.<clinit>(SSLContextImpl.java:556)
	at java.base/java.lang.Class.forName0(Native Method)
	at java.base/java.lang.Class.forName(Class.java:375)
	at java.base/java.security.Provider$Service.getImplClass(Provider.java:1933)
	at java.base/java.security.Provider$Service.getDefaultConstructor(Provider.java:1964)
	at java.base/java.security.Provider$Service.newInstanceOf(Provider.java:1878)
	at java.base/java.security.Provider$Service.newInstanceUtil(Provider.java:1886)
	at java.base/java.security.Provider$Service.newInstance(Provider.java:1861)
	at java.base/sun.security.jca.GetInstance.getInstance(GetInstance.java:236)
	at java.base/sun.security.jca.GetInstance.getInstance(GetInstance.java:164)
	at java.base/javax.net.ssl.SSLContext.getInstance(SSLContext.java:185)
	at io.netty.handler.ssl.JdkSslContext$Defaults.init(JdkSslContext.java:99)
	at io.netty.handler.ssl.JdkSslContext.<clinit>(JdkSslContext.java:73)
	at io.netty.handler.ssl.SslContext.newClientContextInternal(SslContext.java:825)
	at io.netty.handler.ssl.SslContextBuilder.build(SslContextBuilder.java:615)
	at org.asynchttpclient.netty.ssl.DefaultSslEngineFactory.buildSslContext(DefaultSslEngineFactory.java:59)
	at org.asynchttpclient.netty.ssl.DefaultSslEngineFactory.init(DefaultSslEngineFactory.java:74)
	at org.asynchttpclient.netty.channel.ChannelManager.<init>(ChannelManager.java:104)
	at org.asynchttpclient.DefaultAsyncHttpClient.<init>(DefaultAsyncHttpClient.java:92)
	at org.asynchttpclient.Dsl.asyncHttpClient(Dsl.java:32)
	at org.openqa.selenium.remote.http.netty.NettyClient.createHttpClient(NettyClient.java:94)
	at org.openqa.selenium.remote.http.netty.NettyClient.<clinit>(NettyClient.java:47)
	at org.openqa.selenium.remote.http.netty.NettyClient$Factory.createClient(NettyClient.java:135)
	at org.openqa.selenium.remote.HttpCommandExecutor.<init>(HttpCommandExecutor.java:116)
	at org.openqa.selenium.remote.HttpCommandExecutor.<init>(HttpCommandExecutor.java:94)
	at org.openqa.selenium.remote.service.DriverCommandExecutor.<init>(DriverCommandExecutor.java:88)
	at org.openqa.selenium.chromium.ChromiumDriverCommandExecutor.<init>(ChromiumDriverCommandExecutor.java:40)
	at org.openqa.selenium.chrome.ChromeDriver$ChromeDriverCommandExecutor.<init>(ChromeDriver.java:111)
	at org.openqa.selenium.chrome.ChromeDriver.generateExecutor(ChromeDriver.java:101)
	at org.openqa.selenium.chrome.ChromeDriver.<init>(ChromeDriver.java:88)
	at org.openqa.selenium.chrome.ChromeDriver.<init>(ChromeDriver.java:84)
	at org.openqa.selenium.chrome.ChromeDriver.<init>(ChromeDriver.java:52)
	at TestBase.BaseClass.Launch_Application(BaseClass.java:57)
	at java.base/jdk.internal.reflect.NativeMethodAccessorImpl.invoke0(Native Method)
	at java.base/jdk.internal.reflect.NativeMethodAccessorImpl.invoke(NativeMethodAccessorImpl.java:77)
	at java.base/jdk.internal.reflect.DelegatingMethodAccessorImpl.invoke(DelegatingMethodAccessorImpl.java:43)
	at java.base/java.lang.reflect.Method.invoke(Method.java:568)
	at org.testng.internal.invokers.MethodInvocationHelper.invokeMethod(MethodInvocationHelper.java:139)
	at org.testng.internal.invokers.MethodInvocationHelper.invokeMethodConsideringTimeout(MethodInvocationHelper.java:69)
	at org.testng.internal.invokers.ConfigInvoker.invokeConfigurationMethod(ConfigInvoker.java:361)
	at org.testng.internal.invokers.ConfigInvoker.invokeConfigurations(ConfigInvoker.java:296)
	at org.testng.internal.invokers.TestMethodWorker.invokeBeforeClassMethods(TestMethodWorker.java:180)
	at org.testng.internal.invokers.TestMethodWorker.run(TestMethodWorker.java:122)
	at java.base/java.util.ArrayList.forEach(ArrayList.java:1511)
	at org.testng.TestRunner.privateRun(TestRunner.java:829)
	at org.testng.TestRunner.run(TestRunner.java:602)
	at org.testng.SuiteRunner.runTest(SuiteRunner.java:437)
	at org.testng.SuiteRunner$SuiteWorker.run(SuiteRunner.java:475)
	at org.testng.internal.thread.ThreadUtil.lambda$execute$0(ThreadUtil.java:58)
	at java.base/java.util.concurrent.FutureTask.run(FutureTask.java:264)
	at java.base/java.util.concurrent.ThreadPoolExecutor.runWorker(ThreadPoolExecutor.java:1136)
	at java.base/java.util.concurrent.ThreadPoolExecutor$Worker.run(ThreadPoolExecutor.java:635)
	at java.base/java.lang.Thread.run(Thread.java:833)
Caused by: java.io.IOException: Error while instrumenting sun/security/ec/ECOperations$IntermediateValueException.
	at org.jacoco.agent.rt.internal_1f1cc91.core.instr.Instrumenter.instrumentError(Instrumenter.java:170)
	at org.jacoco.agent.rt.internal_1f1cc91.core.instr.Instrumenter.instrument(Instrumenter.java:120)
	at org.jacoco.agent.rt.internal_1f1cc91.CoverageTransformer.transform(CoverageTransformer.java:91)
	... 73 more
Caused by: java.lang.IllegalArgumentException: Unsupported class file major version 61
	at org.jacoco.agent.rt.internal_1f1cc91.asm.ClassReader.<init>(ClassReader.java:184)
	at org.jacoco.agent.rt.internal_1f1cc91.asm.ClassReader.<init>(ClassReader.java:166)
	at org.jacoco.agent.rt.internal_1f1cc91.asm.ClassReader.<init>(ClassReader.java:152)
	at org.jacoco.agent.rt.internal_1f1cc91.core.internal.instr.InstrSupport.classReaderFor(InstrSupport.java:247)
	at org.jacoco.agent.rt.internal_1f1cc91.core.instr.Instrumenter.instrument(Instrumenter.java:86)
	at org.jacoco.agent.rt.internal_1f1cc91.core.instr.Instrumenter.instrument(Instrumenter.java:118)
	... 74 more
java.lang.instrument.IllegalClassFormatException: Error while instrumenting sun/security/ec/ECDSASignature$Raw.
	at org.jacoco.agent.rt.internal_1f1cc91.CoverageTransformer.transform(CoverageTransformer.java:93)
	at java.instrument/java.lang.instrument.ClassFileTransformer.transform(ClassFileTransformer.java:244)
	at java.instrument/sun.instrument.TransformerManager.transform(TransformerManager.java:188)
	at java.instrument/sun.instrument.InstrumentationImpl.transform(InstrumentationImpl.java:541)
	at java.base/java.lang.ClassLoader.defineClass2(Native Method)
	at java.base/java.lang.ClassLoader.defineClass(ClassLoader.java:1103)
	at java.base/java.security.SecureClassLoader.defineClass(SecureClassLoader.java:182)
	at java.base/jdk.internal.loader.BuiltinClassLoader.defineClass(BuiltinClassLoader.java:821)
	at java.base/jdk.internal.loader.BuiltinClassLoader.findClassInModuleOrNull(BuiltinClassLoader.java:741)
	at java.base/jdk.internal.loader.BuiltinClassLoader.loadClassOrNull(BuiltinClassLoader.java:665)
	at java.base/jdk.internal.loader.BuiltinClassLoader.loadClass(BuiltinClassLoader.java:639)
	at java.base/java.lang.ClassLoader.loadClass(ClassLoader.java:520)
	at jdk.crypto.ec/sun.security.ec.SunEC$ProviderService.newInstance(SunEC.java:119)
	at java.base/java.security.Signature.isSpi(Signature.java:331)
	at java.base/java.security.Signature.getInstance(Signature.java:275)
	at java.base/sun.security.ssl.JsseJce$EcAvailability.<clinit>(JsseJce.java:170)
	at java.base/sun.security.ssl.JsseJce.isEcAvailable(JsseJce.java:131)
	at java.base/sun.security.ssl.CipherSuite$KeyExchange.isAvailable(CipherSuite.java:1137)
	at java.base/sun.security.ssl.CipherSuite.isAvailable(CipherSuite.java:999)
	at java.base/sun.security.ssl.SSLContextImpl.getApplicableCipherSuites(SSLContextImpl.java:379)
	at java.base/sun.security.ssl.SSLContextImpl.getApplicableSupportedCipherSuites(SSLContextImpl.java:342)
	at java.base/sun.security.ssl.SSLContextImpl$AbstractTLSContext.<clinit>(SSLContextImpl.java:556)
	at java.base/java.lang.Class.forName0(Native Method)
	at java.base/java.lang.Class.forName(Class.java:375)
	at java.base/java.security.Provider$Service.getImplClass(Provider.java:1933)
	at java.base/java.security.Provider$Service.getDefaultConstructor(Provider.java:1964)
	at java.base/java.security.Provider$Service.newInstanceOf(Provider.java:1878)
	at java.base/java.security.Provider$Service.newInstanceUtil(Provider.java:1886)
	at java.base/java.security.Provider$Service.newInstance(Provider.java:1861)
	at java.base/sun.security.jca.GetInstance.getInstance(GetInstance.java:236)
	at java.base/sun.security.jca.GetInstance.getInstance(GetInstance.java:164)
	at java.base/javax.net.ssl.SSLContext.getInstance(SSLContext.java:185)
	at io.netty.handler.ssl.JdkSslContext$Defaults.init(JdkSslContext.java:99)
	at io.netty.handler.ssl.JdkSslContext.<clinit>(JdkSslContext.java:73)
	at io.netty.handler.ssl.SslContext.newClientContextInternal(SslContext.java:825)
	at io.netty.handler.ssl.SslContextBuilder.build(SslContextBuilder.java:615)
	at org.asynchttpclient.netty.ssl.DefaultSslEngineFactory.buildSslContext(DefaultSslEngineFactory.java:59)
	at org.asynchttpclient.netty.ssl.DefaultSslEngineFactory.init(DefaultSslEngineFactory.java:74)
	at org.asynchttpclient.netty.channel.ChannelManager.<init>(ChannelManager.java:104)
	at org.asynchttpclient.DefaultAsyncHttpClient.<init>(DefaultAsyncHttpClient.java:92)
	at org.asynchttpclient.Dsl.asyncHttpClient(Dsl.java:32)
	at org.openqa.selenium.remote.http.netty.NettyClient.createHttpClient(NettyClient.java:94)
	at org.openqa.selenium.remote.http.netty.NettyClient.<clinit>(NettyClient.java:47)
	at org.openqa.selenium.remote.http.netty.NettyClient$Factory.createClient(NettyClient.java:135)
	at org.openqa.selenium.remote.HttpCommandExecutor.<init>(HttpCommandExecutor.java:116)
	at org.openqa.selenium.remote.HttpCommandExecutor.<init>(HttpCommandExecutor.java:94)
	at org.openqa.selenium.remote.service.DriverCommandExecutor.<init>(DriverCommandExecutor.java:88)
	at org.openqa.selenium.chromium.ChromiumDriverCommandExecutor.<init>(ChromiumDriverCommandExecutor.java:40)
	at org.openqa.selenium.chrome.ChromeDriver$ChromeDriverCommandExecutor.<init>(ChromeDriver.java:111)
	at org.openqa.selenium.chrome.ChromeDriver.generateExecutor(ChromeDriver.java:101)
	at org.openqa.selenium.chrome.ChromeDriver.<init>(ChromeDriver.java:88)
	at org.openqa.selenium.chrome.ChromeDriver.<init>(ChromeDriver.java:84)
	at org.openqa.selenium.chrome.ChromeDriver.<init>(ChromeDriver.java:52)
	at TestBase.BaseClass.Launch_Application(BaseClass.java:57)
	at java.base/jdk.internal.reflect.NativeMethodAccessorImpl.invoke0(Native Method)
	at java.base/jdk.internal.reflect.NativeMethodAccessorImpl.invoke(NativeMethodAccessorImpl.java:77)
	at java.base/jdk.internal.reflect.DelegatingMethodAccessorImpl.invoke(DelegatingMethodAccessorImpl.java:43)
	at java.base/java.lang.reflect.Method.invoke(Method.java:568)
	at org.testng.internal.invokers.MethodInvocationHelper.invokeMethod(MethodInvocationHelper.java:139)
	at org.testng.internal.invokers.MethodInvocationHelper.invokeMethodConsideringTimeout(MethodInvocationHelper.java:69)
	at org.testng.internal.invokers.ConfigInvoker.invokeConfigurationMethod(ConfigInvoker.java:361)
	at org.testng.internal.invokers.ConfigInvoker.invokeConfigurations(ConfigInvoker.java:296)
	at org.testng.internal.invokers.TestMethodWorker.invokeBeforeClassMethods(TestMethodWorker.java:180)
	at org.testng.internal.invokers.TestMethodWorker.run(TestMethodWorker.java:122)
	at java.base/java.util.ArrayList.forEach(ArrayList.java:1511)
	at org.testng.TestRunner.privateRun(TestRunner.java:829)
	at org.testng.TestRunner.run(TestRunner.java:602)
	at org.testng.SuiteRunner.runTest(SuiteRunner.java:437)
	at org.testng.SuiteRunner$SuiteWorker.run(SuiteRunner.java:475)
[...]
	at java.base/sun.security.ssl.SSLContextImpl.engineCreateSSLEngine(SSLContextImpl.java:175)
	at java.base/javax.net.ssl.SSLContext.createSSLEngine(SSLContext.java:373)
	at io.netty.handler.ssl.JdkSslContext$Defaults.init(JdkSslContext.java:107)
	at io.netty.handler.ssl.JdkSslContext.<clinit>(JdkSslContext.java:73)
	at io.netty.handler.ssl.SslContext.newClientContextInternal(SslContext.java:825)
	at io.netty.handler.ssl.SslContextBuilder.build(SslContextBuilder.java:615)
	at org.asynchttpclient.netty.ssl.DefaultSslEngineFactory.buildSslContext(DefaultSslEngineFactory.java:59)
	at org.asynchttpclient.netty.ssl.DefaultSslEngineFactory.init(DefaultSslEngineFactory.java:74)
	at org.asynchttpclient.netty.channel.ChannelManager.<init>(ChannelManager.java:104)
	at org.asynchttpclient.DefaultAsyncHttpClient.<init>(DefaultAsyncHttpClient.java:92)
	at org.asynchttpclient.Dsl.asyncHttpClient(Dsl.java:32)
	at org.openqa.selenium.remote.http.netty.NettyClient.createHttpClient(NettyClient.java:94)
	at org.openqa.selenium.remote.http.netty.NettyClient.<clinit>(NettyClient.java:47)
	at org.openqa.selenium.remote.http.netty.NettyClient$Factory.createClient(NettyClient.java:135)
	at org.openqa.selenium.remote.HttpCommandExecutor.<init>(HttpCommandExecutor.java:116)
	at org.openqa.selenium.remote.HttpCommandExecutor.<init>(HttpCommandExecutor.java:94)
	at org.openqa.selenium.remote.service.DriverCommandExecutor.<init>(DriverCommandExecutor.java:88)
	at org.openqa.selenium.chromium.ChromiumDriverCommandExecutor.<init>(ChromiumDriverCommandExecutor.java:40)
	at org.openqa.selenium.chrome.ChromeDriver$ChromeDriverCommandExecutor.<init>(ChromeDriver.java:111)
	at org.openqa.selenium.chrome.ChromeDriver.generateExecutor(ChromeDriver.java:101)
	at org.openqa.selenium.chrome.ChromeDriver.<init>(ChromeDriver.java:88)
	at org.openqa.selenium.chrome.ChromeDriver.<init>(ChromeDriver.java:84)
	at org.openqa.selenium.chrome.ChromeDriver.<init>(ChromeDriver.java:52)
	at TestBase.BaseClass.Launch_Application(BaseClass.java:57)
	at java.base/jdk.internal.reflect.NativeMethodAccessorImpl.invoke0(Native Method)
	at java.base/jdk.internal.reflect.NativeMethodAccessorImpl.invoke(NativeMethodAccessorImpl.java:77)
	at java.base/jdk.internal.reflect.DelegatingMethodAccessorImpl.invoke(DelegatingMethodAccessorImpl.java:43)
	at java.base/java.lang.reflect.Method.invoke(Method.java:568)
	at org.testng.internal.invokers.MethodInvocationHelper.invokeMethod(MethodInvocationHelper.java:139)
	at org.testng.internal.invokers.MethodInvocationHelper.invokeMethodConsideringTimeout(MethodInvocationHelper.java:69)
	at org.testng.internal.invokers.ConfigInvoker.invokeConfigurationMethod(ConfigInvoker.java:361)
	at org.testng.internal.invokers.ConfigInvoker.invokeConfigurations(ConfigInvoker.java:296)
	at org.testng.internal.invokers.TestMethodWorker.invokeBeforeClassMethods(TestMethodWorker.java:180)
	at org.testng.internal.invokers.TestMethodWorker.run(TestMethodWorker.java:122)
	at java.base/java.util.ArrayList.forEach(ArrayList.java:1511)
	at org.testng.TestRunner.privateRun(TestRunner.java:829)
	at org.testng.TestRunner.run(TestRunner.java:602)
	at org.testng.SuiteRunner.runTest(SuiteRunner.java:437)
	at org.testng.SuiteRunner$SuiteWorker.run(SuiteRunner.java:475)
	at org.testng.internal.thread.ThreadUtil.lambda$execute$0(ThreadUtil.java:58)
	at java.base/java.util.concurrent.FutureTask.run(FutureTask.java:264)
	at java.base/java.util.concurrent.ThreadPoolExecutor.runWorker(ThreadPoolExecutor.java:1136)
	at java.base/java.util.concurrent.ThreadPoolExecutor$Worker.run(ThreadPoolExecutor.java:635)
	at java.base/java.lang.Thread.run(Thread.java:833)
Caused by: java.io.IOException: Error while instrumenting sun/security/ec/ParametersMap$1.
	at org.jacoco.agent.rt.internal_1f1cc91.core.instr.Instrumenter.instrumentError(Instrumenter.java:170)
	at org.jacoco.agent.rt.internal_1f1cc91.core.instr.Instrumenter.instrument(Instrumenter.java:120)
	at org.jacoco.agent.rt.internal_1f1cc91.CoverageTransformer.transform(CoverageTransformer.java:91)
	... 74 more
Caused by: java.lang.IllegalArgumentException: Unsupported class file major version 61
	at org.jacoco.agent.rt.internal_1f1cc91.asm.ClassReader.<init>(ClassReader.java:184)
	at org.jacoco.agent.rt.internal_1f1cc91.asm.ClassReader.<init>(ClassReader.java:166)
	at org.jacoco.agent.rt.internal_1f1cc91.asm.ClassReader.<init>(ClassReader.java:152)
	at org.jacoco.agent.rt.internal_1f1cc91.core.internal.instr.InstrSupport.classReaderFor(InstrSupport.java:247)
	at org.jacoco.agent.rt.internal_1f1cc91.core.instr.Instrumenter.instrument(Instrumenter.java:86)
	at org.jacoco.agent.rt.internal_1f1cc91.core.instr.Instrumenter.instrument(Instrumenter.java:118)
	... 75 more
java.lang.instrument.IllegalClassFormatException: Error while instrumenting sun/security/ec/ed/EdDSASignature$Ed448.
	at org.jacoco.agent.rt.internal_1f1cc91.CoverageTransformer.transform(CoverageTransformer.java:93)
	at java.instrument/java.lang.instrument.ClassFileTransformer.transform(ClassFileTransformer.java:244)
	at java.instrument/sun.instrument.TransformerManager.transform(TransformerManager.java:188)
	at java.instrument/sun.instrument.InstrumentationImpl.transform(InstrumentationImpl.java:541)
	at java.base/java.lang.ClassLoader.defineClass2(Native Method)
	at java.base/java.lang.ClassLoader.defineClass(ClassLoader.java:1103)
	at java.base/java.security.SecureClassLoader.defineClass(SecureClassLoader.java:182)
	at java.base/jdk.internal.loader.BuiltinClassLoader.defineClass(BuiltinClassLoader.java:821)
	at java.base/jdk.internal.loader.BuiltinClassLoader.findClassInModuleOrNull(BuiltinClassLoader.java:741)
	at java.base/jdk.internal.loader.BuiltinClassLoader.loadClassOrNull(BuiltinClassLoader.java:665)
	at java.base/jdk.internal.loader.BuiltinClassLoader.loadClass(BuiltinClassLoader.java:639)
	at java.base/java.lang.ClassLoader.loadClass(ClassLoader.java:520)
	at jdk.crypto.ec/sun.security.ec.SunEC$ProviderService.newInstance(SunEC.java:95)
	at java.base/java.security.Signature.isSpi(Signature.java:331)
	at java.base/java.security.Signature.getInstance(Signature.java:275)
	at java.base/sun.security.ssl.SignatureScheme.<init>(SignatureScheme.java:292)
	at java.base/sun.security.ssl.SignatureScheme.<init>(SignatureScheme.java:245)
	at java.base/sun.security.ssl.SignatureScheme.<init>(SignatureScheme.java:237)
	at java.base/sun.security.ssl.SignatureScheme.<init>(SignatureScheme.java:230)
	at java.base/sun.security.ssl.SignatureScheme.<clinit>(SignatureScheme.java:71)
	at java.base/sun.security.ssl.SSLSessionImpl.<clinit>(SSLSessionImpl.java:814)
	at java.base/sun.security.ssl.TransportContext.<init>(TransportContext.java:152)
	at java.base/sun.security.ssl.TransportContext.<init>(TransportContext.java:110)
	at java.base/sun.security.ssl.SSLEngineImpl.<init>(SSLEngineImpl.java:84)
	at java.base/sun.security.ssl.SSLEngineImpl.<init>(SSLEngineImpl.java:68)
	at java.base/sun.security.ssl.SSLContextImpl$AbstractTLSContext.createSSLEngineImpl(SSLContextImpl.java:584)
	at java.base/sun.security.ssl.SSLContextImpl.engineCreateSSLEngine(SSLContextImpl.java:175)
	at java.base/javax.net.ssl.SSLContext.createSSLEngine(SSLContext.java:373)
	at io.netty.handler.ssl.JdkSslContext$Defaults.init(JdkSslContext.java:107)
	at io.netty.handler.ssl.JdkSslContext.<clinit>(JdkSslContext.java:73)
	at io.netty.handler.ssl.SslContext.newClientContextInternal(SslContext.java:825)
	at io.netty.handler.ssl.SslContextBuilder.build(SslContextBuilder.java:615)
	at org.asynchttpclient.netty.ssl.DefaultSslEngineFactory.buildSslContext(DefaultSslEngineFactory.java:59)
	at org.asynchttpclient.netty.ssl.DefaultSslEngineFactory.init(DefaultSslEngineFactory.java:74)
	at org.asynchttpclient.netty.channel.ChannelManager.<init>(ChannelManager.java:104)
	at org.asynchttpclient.DefaultAsyncHttpClient.<init>(DefaultAsyncHttpClient.java:92)
	at org.asynchttpclient.Dsl.asyncHttpClient(Dsl.java:32)
	at org.openqa.selenium.remote.http.netty.NettyClient.createHttpClient(NettyClient.java:94)
	at org.openqa.selenium.remote.http.netty.NettyClient.<clinit>(NettyClient.java:47)
	at org.openqa.selenium.remote.http.netty.NettyClient$Factory.createClient(NettyClient.java:135)
	at org.openqa.selenium.remote.HttpCommandExecutor.<init>(HttpCommandExecutor.java:116)
	at org.openqa.selenium.remote.HttpCommandExecutor.<init>(HttpCommandExecutor.java:94)
	at org.openqa.selenium.remote.service.DriverCommandExecutor.<init>(DriverCommandExecutor.java:88)
	at org.openqa.selenium.chromium.ChromiumDriverCommandExecutor.<init>(ChromiumDriverCommandExecutor.java:40)
	at org.openqa.selenium.chrome.ChromeDriver$ChromeDriverCommandExecutor.<init>(ChromeDriver.java:111)
	at org.openqa.selenium.chrome.ChromeDriver.generateExecutor(ChromeDriver.java:101)
	at org.openqa.selenium.chrome.ChromeDriver.<init>(ChromeDriver.java:88)
	at org.openqa.selenium.chrome.ChromeDriver.<init>(ChromeDriver.java:84)
	at org.openqa.selenium.chrome.ChromeDriver.<init>(ChromeDriver.java:52)
	at TestBase.BaseClass.Launch_Application(BaseClass.java:57)
	at java.base/jdk.internal.reflect.NativeMethodAccessorImpl.invoke0(Native Method)
	at java.base/jdk.internal.reflect.NativeMethodAccessorImpl.invoke(NativeMethodAccessorImpl.java:77)
	at java.base/jdk.internal.reflect.DelegatingMethodAccessorImpl.invoke(DelegatingMethodAccessorImpl.java:43)
	at java.base/java.lang.reflect.Method.invoke(Method.java:568)
	at org.testng.internal.invokers.MethodInvocationHelper.invokeMethod(MethodInvocationHelper.java:139)
	at org.testng.internal.invokers.MethodInvocationHelper.invokeMethodConsideringTimeout(MethodInvocationHelper.java:69)
	at org.testng.internal.invokers.ConfigInvoker.invokeConfigurationMethod(ConfigInvoker.java:361)
	at org.testng.internal.invokers.ConfigInvoker.invokeConfigurations(ConfigInvoker.java:296)
	at org.testng.internal.invokers.TestMethodWorker.invokeBeforeClassMethods(TestMethodWorker.java:180)
	at org.testng.internal.invokers.TestMethodWorker.run(TestMethodWorker.java:122)
	at java.base/java.util.ArrayList.forEach(ArrayList.java:1511)
	at org.testng.TestRunner.privateRun(TestRunner.java:829)
	at org.testng.TestRunner.run(TestRunner.java:602)
	at org.testng.SuiteRunner.runTest(SuiteRunner.java:437)
	at org.testng.SuiteRunner$SuiteWorker.run(SuiteRunner.java:475)
	at org.testng.internal.thread.ThreadUtil.lambda$execute$0(ThreadUtil.java:58)
	at java.base/java.util.concurrent.FutureTask.run(FutureTask.java:264)
	at java.base/java.util.concurrent.ThreadPoolExecutor.runWorker(ThreadPoolExecutor.java:1136)
	at java.base/java.util.concurrent.ThreadPoolExecutor$Worker.run(ThreadPoolExecutor.java:635)
	at java.base/java.lang.Thread.run(Thread.java:833)
Caused by: java.io.IOException: Error while instrumenting sun/security/ec/ed/EdDSASignature$Ed448.
	at org.jacoco.agent.rt.internal_1f1cc91.core.instr.Instrumenter.instrumentError(Instrumenter.java:170)
	at org.jacoco.agent.rt.internal_1f1cc91.core.instr.Instrumenter.instrument(Instrumenter.java:120)
	at org.jacoco.agent.rt.internal_1f1cc91.CoverageTransformer.transform(CoverageTransformer.java:91)
	... 69 more
Caused by: java.lang.IllegalArgumentException: Unsupported class file major version 61
	at org.jacoco.agent.rt.internal_1f1cc91.asm.ClassReader.<init>(ClassReader.java:184)
	at org.jacoco.agent.rt.internal_1f1cc91.asm.ClassReader.<init>(ClassReader.java:166)
	at org.jacoco.agent.rt.internal_1f1cc91.asm.ClassReader.<init>(ClassReader.java:152)
	at org.jacoco.agent.rt.internal_1f1cc91.core.internal.instr.InstrSupport.classReaderFor(InstrSupport.java:247)
	at org.jacoco.agent.rt.internal_1f1cc91.core.instr.Instrumenter.instrument(Instrumenter.java:86)
	at org.jacoco.agent.rt.internal_1f1cc91.core.instr.Instrumenter.instrument(Instrumenter.java:118)
	... 70 more
java.lang.instrument.IllegalClassFormatException: Error while instrumenting sun/security/ec/ECDSASignature$SHA224.
	at org.jacoco.agent.rt.internal_1f1cc91.CoverageTransformer.transform(CoverageTransformer.java:93)
	at java.instrument/java.lang.instrument.ClassFileTransformer.transform(ClassFileTransformer.java:244)
	at java.instrument/sun.instrument.TransformerManager.transform(TransformerManager.java:188)
	at java.instrument/sun.instrument.InstrumentationImpl.transform(InstrumentationImpl.java:541)
	at java.base/java.lang.ClassLoader.defineClass2(Native Method)
	at java.base/java.lang.ClassLoader.defineClass(ClassLoader.java:1103)
	at java.base/java.security.SecureClassLoader.defineClass(SecureClassLoader.java:182)
	at java.base/jdk.internal.loader.BuiltinClassLoader.defineClass(BuiltinClassLoader.java:821)
	at java.base/jdk.internal.loader.BuiltinClassLoader.findClassInModuleOrNull(BuiltinClassLoader.java:741)
	at java.base/jdk.internal.loader.BuiltinClassLoader.loadClassOrNull(BuiltinClassLoader.java:665)
	at java.base/jdk.internal.loader.BuiltinClassLoader.loadClass(BuiltinClassLoader.java:639)
	at java.base/java.lang.ClassLoader.loadClass(ClassLoader.java:520)
	at jdk.crypto.ec/sun.security.ec.SunEC$ProviderService.newInstance(SunEC.java:107)
	at java.base/java.security.Signature.isSpi(Signature.java:331)
	at java.base/java.security.Signature.getInstance(Signature.java:275)
	at java.base/sun.security.ssl.SignatureScheme.<init>(SignatureScheme.java:292)
	at java.base/sun.security.ssl.SignatureScheme.<init>(SignatureScheme.java:245)
	at java.base/sun.security.ssl.SignatureScheme.<init>(SignatureScheme.java:237)
	at java.base/sun.security.ssl.SignatureScheme.<init>(SignatureScheme.java:230)
	at java.base/sun.security.ssl.SignatureScheme.<clinit>(SignatureScheme.java:127)
	at java.base/sun.security.ssl.SSLSessionImpl.<clinit>(SSLSessionImpl.java:814)
	at java.base/sun.security.ssl.TransportContext.<init>(TransportContext.java:152)
	at java.base/sun.security.ssl.TransportContext.<init>(TransportContext.java:110)
	at java.base/sun.security.ssl.SSLEngineImpl.<init>(SSLEngineImpl.java:84)
	at java.base/sun.security.ssl.SSLEngineImpl.<init>(SSLEngineImpl.java:68)
	at java.base/sun.security.ssl.SSLContextImpl$AbstractTLSContext.createSSLEngineImpl(SSLContextImpl.java:584)
	at java.base/sun.security.ssl.SSLContextImpl.engineCreateSSLEngine(SSLContextImpl.java:175)
	at java.base/javax.net.ssl.SSLContext.createSSLEngine(SSLContext.java:373)
	at io.netty.handler.ssl.JdkSslContext$Defaults.init(JdkSslContext.java:107)
	at io.netty.handler.ssl.JdkSslContext.<clinit>(JdkSslContext.java:73)
	at io.netty.handler.ssl.SslContext.newClientContextInternal(SslContext.java:825)
	at io.netty.handler.ssl.SslContextBuilder.build(SslContextBuilder.java:615)
	at org.asynchttpclient.netty.ssl.DefaultSslEngineFactory.buildSslContext(DefaultSslEngineFactory.java:59)
	at org.asynchttpclient.netty.ssl.DefaultSslEngineFactory.init(DefaultSslEngineFactory.java:74)
	at org.asynchttpclient.netty.channel.ChannelManager.<init>(ChannelManager.java:104)
	at org.asynchttpclient.DefaultAsyncHttpClient.<init>(DefaultAsyncHttpClient.java:92)
	at org.asynchttpclient.Dsl.asyncHttpClient(Dsl.java:32)
	at org.openqa.selenium.remote.http.netty.NettyClient.createHttpClient(NettyClient.java:94)
	at org.openqa.selenium.remote.http.netty.NettyClient.<clinit>(NettyClient.java:47)
	at org.openqa.selenium.remote.http.netty.NettyClient$Factory.createClient(NettyClient.java:135)
	at org.openqa.selenium.remote.HttpCommandExecutor.<init>(HttpCommandExecutor.java:116)
	at org.openqa.selenium.remote.HttpCommandExecutor.<init>(HttpCommandExecutor.java:94)
	at org.openqa.selenium.remote.service.DriverCommandExecutor.<init>(DriverCommandExecutor.java:88)
	at org.openqa.selenium.chromium.ChromiumDriverCommandExecutor.<init>(ChromiumDriverCommandExecutor.java:40)
	at org.openqa.selenium.chrome.ChromeDriver$ChromeDriverCommandExecutor.<init>(ChromeDriver.java:111)
	at org.openqa.selenium.chrome.ChromeDriver.generateExecutor(ChromeDriver.java:101)
	at org.openqa.selenium.chrome.ChromeDriver.<init>(ChromeDriver.java:88)
	at org.openqa.selenium.chrome.ChromeDriver.<init>(ChromeDriver.java:84)
	at org.openqa.selenium.chrome.ChromeDriver.<init>(ChromeDriver.java:52)
	at TestBase.BaseClass.Launch_Application(BaseClass.java:57)
	at java.base/jdk.internal.reflect.NativeMethodAccessorImpl.invoke0(Native Method)
	at java.base/jdk.internal.reflect.NativeMethodAccessorImpl.invoke(NativeMethodAccessorImpl.java:77)
	at java.base/jdk.internal.reflect.DelegatingMethodAccessorImpl.invoke(DelegatingMethodAccessorImpl.java:43)
	at java.base/java.lang.reflect.Method.invoke(Method.java:568)
	at org.testng.internal.invokers.MethodInvocationHelper.invokeMethod(MethodInvocationHelper.java:139)
	at org.testng.internal.invokers.MethodInvocationHelper.invokeMethodConsideringTimeout(MethodInvocationHelper.java:69)
	at org.testng.internal.invokers.ConfigInvoker.invokeConfigurationMethod(ConfigInvoker.java:361)
	at org.testng.internal.invokers.ConfigInvoker.invokeConfigurations(ConfigInvoker.java:296)
	at org.testng.internal.invokers.TestMethodWorker.invokeBeforeClassMethods(TestMethodWorker.java:180)
	at org.testng.internal.invokers.TestMethodWorker.run(TestMethodWorker.java:122)
	at java.base/java.util.ArrayList.forEach(ArrayList.java:1511)
	at org.testng.TestRunner.privateRun(TestRunner.java:829)
	at org.testng.TestRunner.run(TestRunner.java:602)
	at org.testng.SuiteRunner.runTest(SuiteRunner.java:437)
	at org.testng.SuiteRunner$SuiteWorker.run(SuiteRunner.java:475)
	at org.testng.internal.thread.ThreadUtil.lambda$execute$0(ThreadUtil.java:58)
	at java.base/java.util.concurrent.FutureTask.run(FutureTask.java:264)
	at java.base/java.util.concurrent.ThreadPoolExecutor.runWorker(ThreadPoolExecutor.java:1136)
	at java.base/java.util.concurrent.ThreadPoolExecutor$Worker.run(ThreadPoolExecutor.java:635)
	at java.base/java.lang.Thread.run(Thread.java:833)
Caused by: java.io.IOException: Error while instrumenting sun/security/ec/ECDSASignature$SHA224.
	at org.jacoco.agent.rt.internal_1f1cc91.core.instr.Instrumenter.instrumentError(Instrumenter.java:170)
	at org.jacoco.agent.rt.internal_1f1cc91.core.instr.Instrumenter.instrument(Instrumenter.java:120)
	at org.jacoco.agent.rt.internal_1f1cc91.CoverageTransformer.transform(CoverageTransformer.java:91)
	... 69 more
Caused by: java.lang.IllegalArgumentException: Unsupported class file major version 61
	at org.jacoco.agent.rt.internal_1f1cc91.asm.ClassReader.<init>(ClassReader.java:184)
	at org.jacoco.agent.rt.internal_1f1cc91.asm.ClassReader.<init>(ClassReader.java:166)
	at org.jacoco.agent.rt.internal_1f1cc91.asm.ClassReader.<init>(ClassReader.java:152)
	at org.jacoco.agent.rt.internal_1f1cc91.core.internal.instr.InstrSupport.classReaderFor(InstrSupport.java:247)
	at org.jacoco.agent.rt.internal_1f1cc91.core.instr.Instrumenter.instrument(Instrumenter.java:86)
	at org.jacoco.agent.rt.internal_1f1cc91.core.instr.Instrumenter.instrument(Instrumenter.java:118)
	... 70 more
Starting ChromeDriver 114.0.5735.90 (386bc09e8f4f2e025eddae123f36f6263096ae49-refs/branch-heads/5735@{#1052}) on port 13827
Only local connections are allowed.
Please see https://chromedriver.chromium.org/security-considerations for suggestions on keeping ChromeDriver safe.
ChromeDriver was started successfully.
Jul 25, 2023 3:49:18 PM org.openqa.selenium.devtools.CdpVersionFinder findNearestMatch
WARNING: Unable to find an exact match for CDP version 114, so returning the closest version found: 113
]]></system-err>
  </testcase>
  <testcase name="ProductSearchPage_Test" classname="TestClass.TC_009_EndToEnd_Test" time="1.816">
    <system-out><![CDATA[Succssfully performed Click action
Successfully entered Text in the Search Fild
Successfully entered Text in the Search Fild
Succssfully performed Click action
the added product is matched and product Name is:HTC Touch HD
the added product is matched and product Name is:HTC Touch HD
Success: You have added HTC Touch HD to your shopping cart!
Successfully Found a displayed Text
Succssfully performed Click action
Succssfully performed Click action
]]></system-out>
  </testcase>
</testsuite>