<?xml version="1.0" encoding="UTF-8"?>
<testng-results ignored="0" total="3" passed="3" failed="0" skipped="0">
  <reporter-output>
  </reporter-output>
  <suite started-at="2023-07-21T13:05:52 IST" name="My_Suite" finished-at="2023-07-21T13:06:12 IST" duration-ms="19724">
    <groups>
    </groups>
    <test started-at="2023-07-21T13:05:52 IST" name="ChromeBrowserTest" finished-at="2023-07-21T13:06:12 IST" duration-ms="19724">
      <class name="TestClass.TC_009_EndToEnd_Test">
        <test-method is-config="true" signature="Launch_Application(java.lang.String)[pri:0, instance:TestClass.TC_009_EndToEnd_Test@45b15381]" started-at="2023-07-21T13:05:53 IST" name="Launch_Application" finished-at="2023-07-21T13:06:02 IST" duration-ms="9717" status="PASS">
          <params>
            <param index="0">
              <value>
                <![CDATA[Chrome]]>
              </value>
            </param>
          </params>
          <reporter-output>
          </reporter-output>
        </test-method> <!-- Launch_Application -->
        <test-method signature="IndexPage_Test()[pri:1, instance:TestClass.TC_009_EndToEnd_Test@45b15381]" started-at="2023-07-21T13:06:02 IST" name="IndexPage_Test" finished-at="2023-07-21T13:06:04 IST" duration-ms="1170" status="PASS">
          <reporter-output>
          </reporter-output>
        </test-method> <!-- IndexPage_Test -->
        <test-method signature="ProductSearchPage_Test()[pri:2, instance:TestClass.TC_009_EndToEnd_Test@45b15381]" started-at="2023-07-21T13:06:04 IST" name="ProductSearchPage_Test" finished-at="2023-07-21T13:06:06 IST" duration-ms="2783" status="PASS">
          <reporter-output>
          </reporter-output>
        </test-method> <!-- ProductSearchPage_Test -->
        <test-method signature="ShopingCartPage_Test()[pri:3, instance:TestClass.TC_009_EndToEnd_Test@45b15381]" started-at="2023-07-21T13:06:06 IST" name="ShopingCartPage_Test" finished-at="2023-07-21T13:06:11 IST" duration-ms="4669" status="PASS">
          <reporter-output>
          </reporter-output>
        </test-method> <!-- ShopingCartPage_Test -->
        <test-method is-config="true" signature="Application_Close()[pri:0, instance:TestClass.TC_009_EndToEnd_Test@45b15381]" started-at="2023-07-21T13:06:11 IST" name="Application_Close" finished-at="2023-07-21T13:06:12 IST" duration-ms="756" status="PASS">
          <reporter-output>
          </reporter-output>
        </test-method> <!-- Application_Close -->
      </class> <!-- TestClass.TC_009_EndToEnd_Test -->
    </test> <!-- ChromeBrowserTest -->
  </suite> <!-- My_Suite -->
</testng-results>
