<?xml version="1.0" encoding="UTF-8"?>
<testng-results ignored="0" total="3" passed="3" failed="0" skipped="0">
  <reporter-output>
  </reporter-output>
  <suite started-at="2023-07-21T09:26:28 IST" name="My_Suite" finished-at="2023-07-21T09:26:46 IST" duration-ms="17987">
    <groups>
    </groups>
    <test started-at="2023-07-21T09:26:28 IST" name="ChromeBrowserTest" finished-at="2023-07-21T09:26:46 IST" duration-ms="17987">
      <class name="TestClass.TC_009_EndToEnd_Test">
        <test-method is-config="true" signature="Launch_Application(java.lang.String)[pri:0, instance:TestClass.TC_009_EndToEnd_Test@7d9d0818]" started-at="2023-07-21T09:26:29 IST" name="Launch_Application" finished-at="2023-07-21T09:26:38 IST" duration-ms="9051" status="PASS">
          <params>
            <param index="0">
              <value>
                <![CDATA[Chrome]]>
              </value>
            </param>
          </params>
          <reporter-output>
          </reporter-output>
        </test-method> <!-- Launch_Application -->
        <test-method signature="IndexPage_Test()[pri:1, instance:TestClass.TC_009_EndToEnd_Test@7d9d0818]" started-at="2023-07-21T09:26:38 IST" name="IndexPage_Test" finished-at="2023-07-21T09:26:39 IST" duration-ms="1047" status="PASS">
          <reporter-output>
          </reporter-output>
        </test-method> <!-- IndexPage_Test -->
        <test-method signature="ProductSearchPage_Test()[pri:2, instance:TestClass.TC_009_EndToEnd_Test@7d9d0818]" started-at="2023-07-21T09:26:39 IST" name="ProductSearchPage_Test" finished-at="2023-07-21T09:26:41 IST" duration-ms="2523" status="PASS">
          <reporter-output>
          </reporter-output>
        </test-method> <!-- ProductSearchPage_Test -->
        <test-method signature="ShopingCartPage_Test()[pri:3, instance:TestClass.TC_009_EndToEnd_Test@7d9d0818]" started-at="2023-07-21T09:26:41 IST" name="ShopingCartPage_Test" finished-at="2023-07-21T09:26:46 IST" duration-ms="4316" status="PASS">
          <reporter-output>
          </reporter-output>
        </test-method> <!-- ShopingCartPage_Test -->
        <test-method is-config="true" signature="Application_Close()[pri:0, instance:TestClass.TC_009_EndToEnd_Test@7d9d0818]" started-at="2023-07-21T09:26:46 IST" name="Application_Close" finished-at="2023-07-21T09:26:46 IST" duration-ms="661" status="PASS">
          <reporter-output>
          </reporter-output>
        </test-method> <!-- Application_Close -->
      </class> <!-- TestClass.TC_009_EndToEnd_Test -->
    </test> <!-- ChromeBrowserTest -->
  </suite> <!-- My_Suite -->
</testng-results>
